2023-07-04 13:45:59,594 - main - INFO - Create training table
2023-07-04 13:45:59,596 - main - INFO - Create ideal table
2023-07-04 13:45:59,601 - main - INFO - Create test table
2023-07-04 13:45:59,602 - database - INFO - Database created object
2023-07-04 13:45:59,602 - database - INFO - Connection string created
2023-07-04 13:45:59,625 - database - INFO - Engine object created
2023-07-04 13:45:59,632 - database - INFO - Databank connection object created
2023-07-04 13:45:59,632 - database - INFO - Meta data object created
2023-07-04 13:45:59,632 - database - INFO - Create table from dataframe: train.csv
2023-07-04 13:45:59,670 - database - INFO - Create table from dataframe: ideal.csv
2023-07-04 13:45:59,767 - database - INFO - Create table from dataframe: test.csv
2023-07-04 13:45:59,780 - visualization - INFO - source-dataframe: train.csv
2023-07-04 13:45:59,910 - visualization - INFO - Show plot: train.csv
2023-07-04 13:46:01,775 - calculation - INFO - Calculation created object
2023-07-04 13:46:01,775 - calculation - INFO - rows = 400
2023-07-04 13:46:01,775 - calculation - INFO - columns_train_data = 4
2023-07-04 13:46:01,775 - calculation - INFO - columns_ideal_data = 50
2023-07-04 13:46:01,775 - calculation - INFO - ### train-function: y1 ###
2023-07-04 13:46:01,812 - calculation - INFO - ##### result_dict: {'train_data_y': 1, 'ideal_data_y': 36, 'minimal_deviation_value': 33.71178854422821, 'minimal_deviation_index': 35}
2023-07-04 13:46:01,812 - calculation - INFO - ### train-function: y2 ###
2023-07-04 13:46:01,851 - calculation - INFO - ##### result_dict: {'train_data_y': 2, 'ideal_data_y': 11, 'minimal_deviation_value': 32.62893138832121, 'minimal_deviation_index': 10}
2023-07-04 13:46:01,851 - calculation - INFO - ### train-function: y3 ###
2023-07-04 13:46:01,890 - calculation - INFO - ##### result_dict: {'train_data_y': 3, 'ideal_data_y': 2, 'minimal_deviation_value': 33.11847188090256, 'minimal_deviation_index': 1}
2023-07-04 13:46:01,891 - calculation - INFO - ### train-function: y4 ###
2023-07-04 13:46:01,933 - calculation - INFO - ##### result_dict: {'train_data_y': 4, 'ideal_data_y': 33, 'minimal_deviation_value': 31.75243110139478, 'minimal_deviation_index': 32}
2023-07-04 13:46:01,933 - main - INFO - Create calculation result table
2023-07-04 13:46:01,934 - database - INFO - Create table from dataframe: best_fits_result
2023-07-04 13:46:01,952 - database - INFO - Create table for bestfits
2023-07-04 13:46:01,954 - database - INFO - Create table from dataframe: bestfits
2023-07-04 13:46:02,009 - visualization - INFO - source-dataframe: train.csv
2023-07-04 13:46:02,009 - visualization - INFO - selector-dataframe: bestfits
2023-07-04 13:46:02,009 - visualization - INFO - Create plot from selection
2023-07-04 13:46:02,022 - visualization - INFO - Create plot source dataframe
2023-07-04 13:46:02,035 - visualization - INFO - Create plot selector dataframe
2023-07-04 13:46:02,041 - visualization - INFO - Show plot: best-fits
