2023-07-06 13:53:27,331 - main - INFO - Create training table
2023-07-06 13:53:27,333 - main - INFO - Create ideal table
2023-07-06 13:53:27,338 - main - INFO - Create sorted test table
2023-07-06 13:53:27,347 - database - INFO - Database created object
2023-07-06 13:53:27,347 - database - INFO - Connection string created
2023-07-06 13:53:27,372 - database - INFO - Engine object created
2023-07-06 13:53:27,378 - database - INFO - Databank connection object created
2023-07-06 13:53:27,379 - database - INFO - Meta data object created
2023-07-06 13:53:27,379 - database - INFO - Create table from dataframe: train.csv
2023-07-06 13:53:27,415 - database - INFO - Create table from dataframe: ideal.csv
2023-07-06 13:53:27,508 - database - INFO - Create table from dataframe: test.csv
2023-07-06 13:53:27,522 - database - INFO - Create table from dataframe: sorted_test.csv
2023-07-06 13:53:27,530 - visualization - INFO - source-dataframe: train.csv
2023-07-06 13:53:27,655 - visualization - INFO - Show plot: train.csv
2023-07-06 13:53:30,015 - calculation - INFO - Calculation created object
2023-07-06 13:53:30,015 - calculation - INFO - rows = 400
2023-07-06 13:53:30,015 - calculation - INFO - columns_train_data = 4
2023-07-06 13:53:30,015 - calculation - INFO - columns_ideal_data = 50
2023-07-06 13:53:30,015 - calculation - INFO - ### train-function: y1 ###
2023-07-06 13:53:30,053 - calculation - INFO - ##### result_dict: {'train_data_y': 1, 'ideal_data_y': 36, 'minimal_deviation_value': 33.71178854422821, 'minimal_deviation_index': 35}
2023-07-06 13:53:30,053 - calculation - INFO - ### train-function: y2 ###
2023-07-06 13:53:30,092 - calculation - INFO - ##### result_dict: {'train_data_y': 2, 'ideal_data_y': 11, 'minimal_deviation_value': 32.62893138832121, 'minimal_deviation_index': 10}
2023-07-06 13:53:30,093 - calculation - INFO - ### train-function: y3 ###
2023-07-06 13:53:30,130 - calculation - INFO - ##### result_dict: {'train_data_y': 3, 'ideal_data_y': 2, 'minimal_deviation_value': 33.11847188090256, 'minimal_deviation_index': 1}
2023-07-06 13:53:30,130 - calculation - INFO - ### train-function: y4 ###
2023-07-06 13:53:30,168 - calculation - INFO - ##### result_dict: {'train_data_y': 4, 'ideal_data_y': 33, 'minimal_deviation_value': 31.75243110139478, 'minimal_deviation_index': 32}
2023-07-06 13:53:30,168 - main - INFO - Create calculation result table
2023-07-06 13:53:30,170 - database - INFO - Create table from dataframe: best_fits_result
2023-07-06 13:53:30,186 - database - INFO - Create table for bestfits
2023-07-06 13:53:30,188 - database - INFO - Create table from dataframe: bestfits
2023-07-06 13:53:30,214 - visualization - INFO - source-dataframe: train.csv
2023-07-06 13:53:30,214 - visualization - INFO - selector-dataframe: bestfits
2023-07-06 13:53:30,214 - visualization - INFO - Create plot from selection
2023-07-06 13:53:30,230 - visualization - INFO - Create plot source dataframe
2023-07-06 13:53:30,244 - visualization - INFO - Create plot selector dataframe
2023-07-06 13:53:30,250 - visualization - INFO - Show plot: best-fits
2023-07-06 13:53:30,883 - calculation - INFO - Validation calculation
2023-07-06 13:53:30,883 - calculation - INFO - result_dict: 0
2023-07-06 13:53:30,883 - calculation - INFO - Get column values from train_data and corresponding best_fits_data
2023-07-06 13:53:30,898 - calculation - INFO - result_dict: [{'train_data': 'y1', 'best_fits_data': 'y36', 'N': 'y36', 'maximal_deviation_value': 0.4997939999999943, 'maximal_deviation_index': 18}, {'train_data': 'y2', 'best_fits_data': 'y11', 'N': 'y11', 'maximal_deviation_value': 0.49678800000000045, 'maximal_deviation_index': 65}, {'train_data': 'y3', 'best_fits_data': 'y2', 'N': 'y2', 'maximal_deviation_value': 0.49987616, 'maximal_deviation_index': 345}, {'train_data': 'y4', 'best_fits_data': 'y33', 'N': 'y33', 'maximal_deviation_value': 0.4949089999999998, 'maximal_deviation_index': 345}]
