2023-07-07 14:33:26,469 - main - INFO - Create training table
2023-07-07 14:33:26,471 - main - INFO - Create ideal table
2023-07-07 14:33:26,476 - main - INFO - Create sorted test table
2023-07-07 14:33:26,478 - database - INFO - Database created object
2023-07-07 14:33:26,478 - database - INFO - Connection string created
2023-07-07 14:33:26,501 - database - INFO - Engine object created
2023-07-07 14:33:26,508 - database - INFO - Databank connection object created
2023-07-07 14:33:26,508 - database - INFO - Meta data object created
2023-07-07 14:33:26,508 - database - INFO - Create table from dataframe: train.csv
2023-07-07 14:33:26,547 - database - INFO - Create table from dataframe: ideal.csv
2023-07-07 14:33:26,643 - database - INFO - Create table from dataframe: test.csv
2023-07-07 14:33:26,657 - database - INFO - Create table from dataframe: sorted_test.csv
2023-07-07 14:33:26,670 - visualization - INFO - source-dataframe: train.csv
2023-07-07 14:33:26,798 - visualization - INFO - Show plot: train.csv
2023-07-07 14:33:28,632 - calculation - INFO - Calculation created object
2023-07-07 14:33:28,632 - calculation - INFO - rows = 400
2023-07-07 14:33:28,632 - calculation - INFO - columns_train_data = 4
2023-07-07 14:33:28,632 - calculation - INFO - columns_ideal_data = 50
2023-07-07 14:33:28,632 - calculation - INFO - ### train-function: y1 ###
2023-07-07 14:33:28,669 - calculation - INFO - ##### result_dict: {'train_data_y': 1, 'ideal_data_y': 36, 'minimal_deviation_value': 33.71178854422821, 'minimal_deviation_index': 35}
2023-07-07 14:33:28,669 - calculation - INFO - ### train-function: y2 ###
2023-07-07 14:33:28,708 - calculation - INFO - ##### result_dict: {'train_data_y': 2, 'ideal_data_y': 11, 'minimal_deviation_value': 32.62893138832121, 'minimal_deviation_index': 10}
2023-07-07 14:33:28,708 - calculation - INFO - ### train-function: y3 ###
2023-07-07 14:33:28,746 - calculation - INFO - ##### result_dict: {'train_data_y': 3, 'ideal_data_y': 2, 'minimal_deviation_value': 33.11847188090256, 'minimal_deviation_index': 1}
2023-07-07 14:33:28,746 - calculation - INFO - ### train-function: y4 ###
2023-07-07 14:33:28,785 - calculation - INFO - ##### result_dict: {'train_data_y': 4, 'ideal_data_y': 33, 'minimal_deviation_value': 31.75243110139478, 'minimal_deviation_index': 32}
2023-07-07 14:33:28,785 - main - INFO - Create calculation result table
2023-07-07 14:33:28,786 - database - INFO - Create table from dataframe: best_fits_result
2023-07-07 14:33:28,804 - database - INFO - Create table for bestfits
2023-07-07 14:33:28,806 - database - INFO - Create table from dataframe: bestfits
2023-07-07 14:33:28,831 - visualization - INFO - source-dataframe: train.csv
2023-07-07 14:33:28,831 - visualization - INFO - selector-dataframe: bestfits
2023-07-07 14:33:28,831 - visualization - INFO - Create plot from selection
2023-07-07 14:33:28,847 - visualization - INFO - Create plot source dataframe
2023-07-07 14:33:28,862 - visualization - INFO - Create plot selector dataframe
2023-07-07 14:33:28,868 - visualization - INFO - Show plot: best-fits
2023-07-07 14:33:29,564 - calculation - INFO - Validation calculation
