2023-07-03 13:05:04,618 - main - INFO - Create training table
2023-07-03 13:05:04,630 - main - INFO - Create ideal table
2023-07-03 13:05:04,638 - main - INFO - Create test table
2023-07-03 13:05:04,640 - database - INFO - Database created object
2023-07-03 13:05:04,640 - database - INFO - Connection string created
2023-07-03 13:05:04,703 - database - INFO - Engine object created
2023-07-03 13:05:04,714 - database - INFO - Databank connection object created
2023-07-03 13:05:04,714 - database - INFO - Meta data object created
2023-07-03 13:05:04,714 - database - INFO - Create table from dataframe: train.csv
2023-07-03 13:05:04,771 - database - INFO - Create table from dataframe: ideal.csv
2023-07-03 13:05:04,879 - database - INFO - Create table from dataframe: test.csv
2023-07-03 13:05:04,896 - visualization - INFO - source-dataframe: train.csv
2023-07-03 13:05:05,048 - visualization - INFO - Show plot: train.csv
2023-07-03 13:05:06,979 - calculation - INFO - Calculation created object
2023-07-03 13:05:06,979 - calculation - INFO - rows = 400
2023-07-03 13:05:06,979 - calculation - INFO - columns_train_data = 4
2023-07-03 13:05:06,979 - calculation - INFO - columns_ideal_data = 50
2023-07-03 13:05:06,979 - calculation - INFO - ### train-function: y1 ###
2023-07-03 13:05:07,018 - calculation - INFO - minimum deviation: 33.71178854422821
2023-07-03 13:05:07,018 - calculation - INFO - minimum deviation index: 35
2023-07-03 13:05:07,018 - calculation - INFO - ##### result_dict: {'train_data_y': 1, 'ideal_data_y': 36, 'minimal_deviation_value': 33.71178854422821, 'minimal_deviation_index': 35}
2023-07-03 13:05:07,018 - calculation - INFO - ### train-function: y2 ###
2023-07-03 13:05:07,056 - calculation - INFO - minimum deviation: 32.62893138832121
2023-07-03 13:05:07,056 - calculation - INFO - minimum deviation index: 10
2023-07-03 13:05:07,057 - calculation - INFO - ##### result_dict: {'train_data_y': 2, 'ideal_data_y': 11, 'minimal_deviation_value': 32.62893138832121, 'minimal_deviation_index': 10}
2023-07-03 13:05:07,057 - calculation - INFO - ### train-function: y3 ###
2023-07-03 13:05:07,095 - calculation - INFO - minimum deviation: 33.11847188090256
2023-07-03 13:05:07,095 - calculation - INFO - minimum deviation index: 1
2023-07-03 13:05:07,096 - calculation - INFO - ##### result_dict: {'train_data_y': 3, 'ideal_data_y': 2, 'minimal_deviation_value': 33.11847188090256, 'minimal_deviation_index': 1}
2023-07-03 13:05:07,096 - calculation - INFO - ### train-function: y4 ###
2023-07-03 13:05:07,134 - calculation - INFO - minimum deviation: 31.75243110139478
2023-07-03 13:05:07,134 - calculation - INFO - minimum deviation index: 32
2023-07-03 13:05:07,134 - calculation - INFO - ##### result_dict: {'train_data_y': 4, 'ideal_data_y': 33, 'minimal_deviation_value': 31.75243110139478, 'minimal_deviation_index': 32}
2023-07-03 13:05:07,134 - main - INFO - Create calculation result table
2023-07-03 13:05:07,137 - database - INFO - Create table from dataframe: best_fits_result
2023-07-03 13:05:07,153 - database - INFO - Create table for bestfits
2023-07-03 13:05:07,156 - database - INFO - Create table from dataframe: bestfits
2023-07-03 13:05:07,194 - visualization - INFO - source-dataframe: train.csv
2023-07-03 13:05:07,194 - visualization - INFO - selector-dataframe: bestfits
2023-07-03 13:05:07,194 - visualization - INFO - Create plot from selection
2023-07-03 13:05:07,225 - visualization - INFO - Show plot: best-fits
