2023-07-08 14:31:46,916 - main - INFO - Create training table
2023-07-08 14:31:46,918 - main - INFO - Create ideal table
2023-07-08 14:31:46,922 - main - INFO - Create sorted test table
2023-07-08 14:31:46,924 - database - INFO - Database created object
2023-07-08 14:31:46,924 - database - INFO - Connection string created
2023-07-08 14:31:46,945 - database - INFO - Engine object created
2023-07-08 14:31:46,952 - database - INFO - Databank connection object created
2023-07-08 14:31:46,952 - database - INFO - Meta data object created
2023-07-08 14:31:46,952 - database - INFO - Create table from dataframe: train.csv
2023-07-08 14:31:46,991 - database - INFO - Create table from dataframe: ideal.csv
2023-07-08 14:31:47,087 - database - INFO - Create table from dataframe: test.csv
2023-07-08 14:31:47,102 - database - INFO - Create table from dataframe: sorted_test.csv
2023-07-08 14:31:47,117 - visualization - INFO - source-dataframe: train.csv
2023-07-08 14:31:47,246 - visualization - INFO - Show plot: train.csv
2023-07-08 14:31:48,325 - calculation - INFO - Calculation created object
2023-07-08 14:31:48,325 - calculation - INFO - rows = 400
2023-07-08 14:31:48,325 - calculation - INFO - columns_train_data = 4
2023-07-08 14:31:48,325 - calculation - INFO - columns_ideal_data = 50
2023-07-08 14:31:48,325 - calculation - INFO - ### train-function: y1 ###
2023-07-08 14:31:48,361 - calculation - INFO - ##### result_dict: {'train_data_y': 1, 'ideal_data_y': 36, 'minimal_deviation_value': 33.71178854422821, 'minimal_deviation_index': 35}
2023-07-08 14:31:48,362 - calculation - INFO - ### train-function: y2 ###
2023-07-08 14:31:48,401 - calculation - INFO - ##### result_dict: {'train_data_y': 2, 'ideal_data_y': 11, 'minimal_deviation_value': 32.62893138832121, 'minimal_deviation_index': 10}
2023-07-08 14:31:48,401 - calculation - INFO - ### train-function: y3 ###
2023-07-08 14:31:48,440 - calculation - INFO - ##### result_dict: {'train_data_y': 3, 'ideal_data_y': 2, 'minimal_deviation_value': 33.11847188090256, 'minimal_deviation_index': 1}
2023-07-08 14:31:48,448 - calculation - INFO - ### train-function: y4 ###
2023-07-08 14:31:48,487 - calculation - INFO - ##### result_dict: {'train_data_y': 4, 'ideal_data_y': 33, 'minimal_deviation_value': 31.75243110139478, 'minimal_deviation_index': 32}
2023-07-08 14:31:48,487 - main - INFO - Create calculation result table
2023-07-08 14:31:48,487 - database - INFO - Create table from dataframe: best_fits_result
2023-07-08 14:31:48,503 - database - INFO - Create table for bestfits
2023-07-08 14:31:48,505 - database - INFO - Create table from dataframe: bestfits
2023-07-08 14:31:48,527 - visualization - INFO - source-dataframe: train.csv
2023-07-08 14:31:48,527 - visualization - INFO - selector-dataframe: bestfits
2023-07-08 14:31:48,527 - visualization - INFO - Create plot from selection
2023-07-08 14:31:48,540 - visualization - INFO - Create plot source dataframe
2023-07-08 14:31:48,555 - visualization - INFO - Create plot selector dataframe
2023-07-08 14:31:48,561 - visualization - INFO - Show plot: best-fits
2023-07-08 14:31:49,110 - calculation - INFO - Validation calculation
2023-07-08 14:31:49,111 - calculation - INFO - Get column values from best_fits_data and corresponding test_data
2023-07-08 14:31:49,114 - calculation - INFO - x value is -20.0, calculation of deviation ...
2023-07-08 14:31:49,114 - calculation - INFO - Result: 1.0 - (-19.347134) = 20.347134
2023-07-08 14:31:49,117 - calculation - INFO - x value is -20.0, calculation of deviation ...
2023-07-08 14:31:49,117 - calculation - INFO - Result: 1.0 - (99.261604) = -98.261604
2023-07-08 14:31:49,119 - calculation - INFO - x value is -18.1, calculation of deviation ...
2023-07-08 14:31:49,119 - calculation - INFO - Result: 1.0 - (35.745747) = -34.745747
2023-07-08 14:31:49,121 - calculation - INFO - x value is -17.5, calculation of deviation ...
2023-07-08 14:31:49,121 - calculation - INFO - Result: 1.0 - (16.389914) = -15.389914000000001
2023-07-08 14:31:49,123 - calculation - INFO - x value is -17.4, calculation of deviation ...
2023-07-08 14:31:49,123 - calculation - INFO - Result: 1.0 - (16.13856) = -15.138559999999998
2023-07-08 14:31:49,125 - calculation - INFO - x value is -17.1, calculation of deviation ...
2023-07-08 14:31:49,125 - calculation - INFO - Result: 1.0 - (15.988693) = -14.988693
2023-07-08 14:31:49,126 - calculation - INFO - x value is -16.7, calculation of deviation ...
2023-07-08 14:31:49,126 - calculation - INFO - Result: 1.0 - (16.142563) = -15.142562999999999
2023-07-08 14:31:49,128 - calculation - INFO - x value is -16.6, calculation of deviation ...
2023-07-08 14:31:49,128 - calculation - INFO - Result: 1.0 - (-1.8238432) = 2.8238431999999998
2023-07-08 14:31:49,130 - calculation - INFO - x value is -16.5, calculation of deviation ...
2023-07-08 14:31:49,130 - calculation - INFO - Result: 1.0 - (0.4701114) = 0.5298886
2023-07-08 14:31:49,131 - calculation - INFO - x value is -16.2, calculation of deviation ...
2023-07-08 14:31:49,131 - calculation - INFO - Result: 1.0 - (80.32605) = -79.32605
2023-07-08 14:31:49,133 - calculation - INFO - x value is -16.2, calculation of deviation ...
2023-07-08 14:31:49,133 - calculation - INFO - Result: 1.0 - (-0.62903035) = 1.6290303499999998
2023-07-08 14:31:49,134 - calculation - INFO - x value is -15.8, calculation of deviation ...
2023-07-08 14:31:49,135 - calculation - INFO - Result: 1.0 - (-1.1628026) = 2.1628026
2023-07-08 14:31:49,139 - calculation - INFO - x value is -15.3, calculation of deviation ...
2023-07-08 14:31:49,139 - calculation - INFO - Result: 1.0 - (0.21437874) = 0.78562126
2023-07-08 14:31:49,140 - calculation - INFO - x value is -15.1, calculation of deviation ...
2023-07-08 14:31:49,140 - calculation - INFO - Result: 1.0 - (-0.8285563) = 1.8285563
2023-07-08 14:31:49,142 - calculation - INFO - x value is -15.1, calculation of deviation ...
2023-07-08 14:31:49,142 - calculation - INFO - Result: 1.0 - (14.192294) = -13.192294
2023-07-08 14:31:49,144 - calculation - INFO - x value is -14.2, calculation of deviation ...
2023-07-08 14:31:49,144 - calculation - INFO - Result: 1.0 - (15.1473255) = -14.1473255
2023-07-08 14:31:49,145 - calculation - INFO - x value is -13.8, calculation of deviation ...
2023-07-08 14:31:49,145 - calculation - INFO - Result: 1.0 - (44.641987) = -43.641987
2023-07-08 14:31:49,147 - calculation - INFO - x value is -13.8, calculation of deviation ...
2023-07-08 14:31:49,147 - calculation - INFO - Result: 1.0 - (14.865583) = -13.865583
2023-07-08 14:31:49,148 - calculation - INFO - x value is -12.6, calculation of deviation ...
2023-07-08 14:31:49,148 - calculation - INFO - Result: 1.0 - (-0.080303125) = 1.080303125
2023-07-08 14:31:49,151 - calculation - INFO - x value is -11.7, calculation of deviation ...
2023-07-08 14:31:49,151 - calculation - INFO - Result: 1.0 - (-0.14251386) = 1.14251386
2023-07-08 14:31:49,153 - calculation - INFO - x value is -11.5, calculation of deviation ...
2023-07-08 14:31:49,153 - calculation - INFO - Result: 1.0 - (-0.47237664) = 1.47237664
2023-07-08 14:31:49,154 - calculation - INFO - x value is -11.4, calculation of deviation ...
2023-07-08 14:31:49,154 - calculation - INFO - Result: 1.0 - (10.554388) = -9.554388
2023-07-08 14:31:49,156 - calculation - INFO - x value is -11.1, calculation of deviation ...
2023-07-08 14:31:49,156 - calculation - INFO - Result: 1.0 - (-11.129228) = 12.129228
2023-07-08 14:31:49,157 - calculation - INFO - x value is -10.7, calculation of deviation ...
2023-07-08 14:31:49,157 - calculation - INFO - Result: 1.0 - (0.73965573) = 0.26034427000000004
2023-07-08 14:31:49,159 - calculation - INFO - x value is -10.1, calculation of deviation ...
2023-07-08 14:31:49,159 - calculation - INFO - Result: 1.0 - (55.911495) = -54.911495
2023-07-08 14:31:49,160 - calculation - INFO - x value is -9.1, calculation of deviation ...
2023-07-08 14:31:49,161 - calculation - INFO - Result: 1.0 - (-1.1680479) = 2.1680479
2023-07-08 14:31:49,162 - calculation - INFO - x value is -8.1, calculation of deviation ...
2023-07-08 14:31:49,162 - calculation - INFO - Result: 1.0 - (2.8754423) = -1.8754423
2023-07-08 14:31:49,164 - calculation - INFO - x value is -8.1, calculation of deviation ...
2023-07-08 14:31:49,164 - calculation - INFO - Result: 1.0 - (41.723595) = -40.723595
2023-07-08 14:31:49,165 - calculation - INFO - x value is -7.8, calculation of deviation ...
2023-07-08 14:31:49,166 - calculation - INFO - Result: 1.0 - (9.451261) = -8.451261
2023-07-08 14:31:49,168 - calculation - INFO - x value is -7.3, calculation of deviation ...
2023-07-08 14:31:49,168 - calculation - INFO - Result: 1.0 - (37.313965) = -36.313965
2023-07-08 14:31:49,170 - calculation - INFO - x value is -7.2, calculation of deviation ...
2023-07-08 14:31:49,170 - calculation - INFO - Result: 1.0 - (8.389769) = -7.389768999999999
2023-07-08 14:31:49,171 - calculation - INFO - x value is -7.1, calculation of deviation ...
2023-07-08 14:31:49,171 - calculation - INFO - Result: 1.0 - (-0.1505335) = 1.1505334999999999
2023-07-08 14:31:49,173 - calculation - INFO - x value is -7.0, calculation of deviation ...
2023-07-08 14:31:49,173 - calculation - INFO - Result: 1.0 - (8.068539) = -7.0685389999999995
2023-07-08 14:31:49,174 - calculation - INFO - x value is -6.8, calculation of deviation ...
2023-07-08 14:31:49,174 - calculation - INFO - Result: 1.0 - (34.77236) = -33.77236
2023-07-08 14:31:49,176 - calculation - INFO - x value is -6.8, calculation of deviation ...
2023-07-08 14:31:49,176 - calculation - INFO - Result: 1.0 - (8.903284) = -7.903283999999999
2023-07-08 14:31:49,178 - calculation - INFO - x value is -6.5, calculation of deviation ...
2023-07-08 14:31:49,178 - calculation - INFO - Result: 1.0 - (81.21402) = -80.21402
2023-07-08 14:31:49,180 - calculation - INFO - x value is -5.6, calculation of deviation ...
2023-07-08 14:31:49,180 - calculation - INFO - Result: 1.0 - (0.99593544) = 0.004064559999999995
2023-07-08 14:31:49,181 - calculation - INFO - x value is -5.3, calculation of deviation ...
2023-07-08 14:31:49,182 - calculation - INFO - Result: 1.0 - (58.32741) = -57.32741
2023-07-08 14:31:49,185 - calculation - INFO - x value is -5.2, calculation of deviation ...
2023-07-08 14:31:49,185 - calculation - INFO - Result: 1.0 - (6.369374) = -5.369374
2023-07-08 14:31:49,187 - calculation - INFO - x value is -4.9, calculation of deviation ...
2023-07-08 14:31:49,187 - calculation - INFO - Result: 1.0 - (-5.120785) = 6.120785
2023-07-08 14:31:49,189 - calculation - INFO - x value is -4.7, calculation of deviation ...
2023-07-08 14:31:49,189 - calculation - INFO - Result: 1.0 - (34.25082) = -33.25082
2023-07-08 14:31:49,190 - calculation - INFO - x value is -3.8, calculation of deviation ...
2023-07-08 14:31:49,191 - calculation - INFO - Result: 1.0 - (18.251514) = -17.251514
2023-07-08 14:31:49,192 - calculation - INFO - x value is -3.2, calculation of deviation ...
2023-07-08 14:31:49,192 - calculation - INFO - Result: 1.0 - (-3.7390823) = 4.7390823
2023-07-08 14:31:49,194 - calculation - INFO - x value is -2.9, calculation of deviation ...
2023-07-08 14:31:49,194 - calculation - INFO - Result: 1.0 - (13.796734) = -12.796734
2023-07-08 14:31:49,196 - calculation - INFO - x value is -2.8, calculation of deviation ...
2023-07-08 14:31:49,196 - calculation - INFO - Result: 1.0 - (13.655836) = -12.655836
2023-07-08 14:31:49,198 - calculation - INFO - x value is -2.7, calculation of deviation ...
2023-07-08 14:31:49,198 - calculation - INFO - Result: 1.0 - (-1.6819549) = 2.6819549
2023-07-08 14:31:49,199 - calculation - INFO - x value is -2.6, calculation of deviation ...
2023-07-08 14:31:49,200 - calculation - INFO - Result: 1.0 - (0.07008944) = 0.9299105599999999
2023-07-08 14:31:49,202 - calculation - INFO - x value is -2.3, calculation of deviation ...
2023-07-08 14:31:49,202 - calculation - INFO - Result: 1.0 - (5.864152) = -4.864152
2023-07-08 14:31:49,204 - calculation - INFO - x value is -1.7, calculation of deviation ...
2023-07-08 14:31:49,204 - calculation - INFO - Result: 1.0 - (3.5454068) = -2.5454068
2023-07-08 14:31:49,205 - calculation - INFO - x value is -1.1, calculation of deviation ...
2023-07-08 14:31:49,205 - calculation - INFO - Result: 1.0 - (44.993546) = -43.993546
2023-07-08 14:31:49,207 - calculation - INFO - x value is -1.0, calculation of deviation ...
2023-07-08 14:31:49,207 - calculation - INFO - Result: 1.0 - (4.13364) = -3.1336399999999998
2023-07-08 14:31:49,209 - calculation - INFO - x value is -0.5, calculation of deviation ...
2023-07-08 14:31:49,209 - calculation - INFO - Result: 1.0 - (0.6526604) = 0.34733959999999997
2023-07-08 14:31:49,210 - calculation - INFO - x value is 0.1, calculation of deviation ...
2023-07-08 14:31:49,210 - calculation - INFO - Result: 1.0 - (1.154942) = -0.1549419999999999
2023-07-08 14:31:49,212 - calculation - INFO - x value is 0.1, calculation of deviation ...
2023-07-08 14:31:49,212 - calculation - INFO - Result: 1.0 - (1.9481975) = -0.9481975
2023-07-08 14:31:49,213 - calculation - INFO - x value is 0.2, calculation of deviation ...
2023-07-08 14:31:49,213 - calculation - INFO - Result: 1.0 - (-0.17285825) = 1.17285825
2023-07-08 14:31:49,215 - calculation - INFO - x value is 0.3, calculation of deviation ...
2023-07-08 14:31:49,215 - calculation - INFO - Result: 1.0 - (59.68033) = -58.68033
2023-07-08 14:31:49,216 - calculation - INFO - x value is 0.5, calculation of deviation ...
2023-07-08 14:31:49,216 - calculation - INFO - Result: 1.0 - (2.4143674) = -1.4143674000000002
2023-07-08 14:31:49,218 - calculation - INFO - x value is 0.5, calculation of deviation ...
2023-07-08 14:31:49,218 - calculation - INFO - Result: 1.0 - (1.6080067) = -0.6080067
2023-07-08 14:31:49,220 - calculation - INFO - x value is 1.6, calculation of deviation ...
2023-07-08 14:31:49,221 - calculation - INFO - Result: 1.0 - (9.33222) = -8.33222
2023-07-08 14:31:49,222 - calculation - INFO - x value is 2.4, calculation of deviation ...
2023-07-08 14:31:49,222 - calculation - INFO - Result: 1.0 - (13.258442) = -12.258442
2023-07-08 14:31:49,224 - calculation - INFO - x value is 2.9, calculation of deviation ...
2023-07-08 14:31:49,224 - calculation - INFO - Result: 1.0 - (2.714772) = -1.714772
2023-07-08 14:31:49,225 - calculation - INFO - x value is 3.5, calculation of deviation ...
2023-07-08 14:31:49,225 - calculation - INFO - Result: 1.0 - (-1.72327) = 2.7232700000000003
2023-07-08 14:31:49,227 - calculation - INFO - x value is 4.2, calculation of deviation ...
2023-07-08 14:31:49,227 - calculation - INFO - Result: 1.0 - (3.679699) = -2.679699
2023-07-08 14:31:49,228 - calculation - INFO - x value is 4.5, calculation of deviation ...
2023-07-08 14:31:49,229 - calculation - INFO - Result: 1.0 - (-1.3256714) = 2.3256714
2023-07-08 14:31:49,230 - calculation - INFO - x value is 4.7, calculation of deviation ...
2023-07-08 14:31:49,230 - calculation - INFO - Result: 1.0 - (4.5685735) = -3.5685735000000003
2023-07-08 14:31:49,232 - calculation - INFO - x value is 4.9, calculation of deviation ...
2023-07-08 14:31:49,232 - calculation - INFO - Result: 1.0 - (4.4963365) = -3.4963365
2023-07-08 14:31:49,233 - calculation - INFO - x value is 5.7, calculation of deviation ...
2023-07-08 14:31:49,233 - calculation - INFO - Result: 1.0 - (14.907959) = -13.907959
2023-07-08 14:31:49,235 - calculation - INFO - x value is 5.8, calculation of deviation ...
2023-07-08 14:31:49,235 - calculation - INFO - Result: 1.0 - (28.826637) = -27.826637
2023-07-08 14:31:49,237 - calculation - INFO - x value is 6.2, calculation of deviation ...
2023-07-08 14:31:49,237 - calculation - INFO - Result: 1.0 - (30.448309) = -29.448309
2023-07-08 14:31:49,239 - calculation - INFO - x value is 6.5, calculation of deviation ...
2023-07-08 14:31:49,239 - calculation - INFO - Result: 1.0 - (1.0312804) = -0.031280399999999986
2023-07-08 14:31:49,240 - calculation - INFO - x value is 6.5, calculation of deviation ...
2023-07-08 14:31:49,240 - calculation - INFO - Result: 1.0 - (2.3751493) = -1.3751493
2023-07-08 14:31:49,242 - calculation - INFO - x value is 6.7, calculation of deviation ...
2023-07-08 14:31:49,242 - calculation - INFO - Result: 1.0 - (7.405298) = -6.405298
2023-07-08 14:31:49,243 - calculation - INFO - x value is 6.9, calculation of deviation ...
2023-07-08 14:31:49,243 - calculation - INFO - Result: 1.0 - (7.529588) = -6.529588
2023-07-08 14:31:49,245 - calculation - INFO - x value is 7.2, calculation of deviation ...
2023-07-08 14:31:49,245 - calculation - INFO - Result: 1.0 - (6.6985793) = -5.6985793
2023-07-08 14:31:49,246 - calculation - INFO - x value is 7.8, calculation of deviation ...
2023-07-08 14:31:49,246 - calculation - INFO - Result: 1.0 - (7.945975) = -6.945975
2023-07-08 14:31:49,248 - calculation - INFO - x value is 9.0, calculation of deviation ...
2023-07-08 14:31:49,248 - calculation - INFO - Result: 1.0 - (9.132467) = -8.132467
2023-07-08 14:31:49,249 - calculation - INFO - x value is 9.1, calculation of deviation ...
2023-07-08 14:31:49,250 - calculation - INFO - Result: 1.0 - (10.091935) = -9.091935
2023-07-08 14:31:49,251 - calculation - INFO - x value is 9.2, calculation of deviation ...
2023-07-08 14:31:49,251 - calculation - INFO - Result: 1.0 - (8.35989) = -7.35989
2023-07-08 14:31:49,253 - calculation - INFO - x value is 9.3, calculation of deviation ...
2023-07-08 14:31:49,254 - calculation - INFO - Result: 1.0 - (46.964706) = -45.964706
2023-07-08 14:31:49,256 - calculation - INFO - x value is 9.6, calculation of deviation ...
2023-07-08 14:31:49,256 - calculation - INFO - Result: 1.0 - (8.792373) = -7.7923729999999995
2023-07-08 14:31:49,258 - calculation - INFO - x value is 9.7, calculation of deviation ...
2023-07-08 14:31:49,258 - calculation - INFO - Result: 1.0 - (48.93252) = -47.93252
2023-07-08 14:31:49,259 - calculation - INFO - x value is 11.0, calculation of deviation ...
2023-07-08 14:31:49,260 - calculation - INFO - Result: 1.0 - (30.900364) = -29.900364
2023-07-08 14:31:49,261 - calculation - INFO - x value is 11.1, calculation of deviation ...
2023-07-08 14:31:49,261 - calculation - INFO - Result: 1.0 - (-0.6867566) = 1.6867566
2023-07-08 14:31:49,263 - calculation - INFO - x value is 11.6, calculation of deviation ...
2023-07-08 14:31:49,263 - calculation - INFO - Result: 1.0 - (57.546875) = -56.546875
2023-07-08 14:31:49,264 - calculation - INFO - x value is 12.5, calculation of deviation ...
2023-07-08 14:31:49,264 - calculation - INFO - Result: 1.0 - (12.437278) = -11.437278
2023-07-08 14:31:49,266 - calculation - INFO - x value is 12.9, calculation of deviation ...
2023-07-08 14:31:49,266 - calculation - INFO - Result: 1.0 - (11.8070135) = -10.8070135
2023-07-08 14:31:49,267 - calculation - INFO - x value is 13.1, calculation of deviation ...
2023-07-08 14:31:49,267 - calculation - INFO - Result: 1.0 - (3.3941772) = -2.3941772
2023-07-08 14:31:49,269 - calculation - INFO - x value is 13.4, calculation of deviation ...
2023-07-08 14:31:49,270 - calculation - INFO - Result: 1.0 - (65.792496) = -64.792496
2023-07-08 14:31:49,271 - calculation - INFO - x value is 13.7, calculation of deviation ...
2023-07-08 14:31:49,272 - calculation - INFO - Result: 1.0 - (0.6294186) = 0.37058139999999995
2023-07-08 14:31:49,273 - calculation - INFO - x value is 14.5, calculation of deviation ...
2023-07-08 14:31:49,273 - calculation - INFO - Result: 1.0 - (14.734339) = -13.734339
2023-07-08 14:31:49,274 - calculation - INFO - x value is 15.0, calculation of deviation ...
2023-07-08 14:31:49,275 - calculation - INFO - Result: 1.0 - (99.7092) = -98.7092
2023-07-08 14:31:49,276 - calculation - INFO - x value is 15.1, calculation of deviation ...
2023-07-08 14:31:49,276 - calculation - INFO - Result: 1.0 - (75.25758) = -74.25758
2023-07-08 14:31:49,278 - calculation - INFO - x value is 16.3, calculation of deviation ...
2023-07-08 14:31:49,278 - calculation - INFO - Result: 1.0 - (16.993471) = -15.993471
2023-07-08 14:31:49,280 - calculation - INFO - x value is 16.8, calculation of deviation ...
2023-07-08 14:31:49,280 - calculation - INFO - Result: 1.0 - (17.516111) = -16.516111
2023-07-08 14:31:49,281 - calculation - INFO - x value is 17.1, calculation of deviation ...
2023-07-08 14:31:49,281 - calculation - INFO - Result: 1.0 - (18.14629) = -17.14629
2023-07-08 14:31:49,283 - calculation - INFO - x value is 17.9, calculation of deviation ...
2023-07-08 14:31:49,283 - calculation - INFO - Result: 1.0 - (17.754583) = -16.754583
2023-07-08 14:31:49,284 - calculation - INFO - x value is 18.1, calculation of deviation ...
2023-07-08 14:31:49,285 - calculation - INFO - Result: 1.0 - (89.33668) = -88.33668
2023-07-08 14:31:49,287 - calculation - INFO - x value is 18.9, calculation of deviation ...
2023-07-08 14:31:49,287 - calculation - INFO - Result: 1.0 - (18.88673) = -17.88673
2023-07-08 14:31:49,289 - calculation - INFO - x value is 18.9, calculation of deviation ...
2023-07-08 14:31:49,289 - calculation - INFO - Result: 1.0 - (84.124916) = -83.124916
2023-07-08 14:31:49,290 - calculation - INFO - x value is 19.7, calculation of deviation ...
2023-07-08 14:31:49,290 - calculation - INFO - Result: 1.0 - (19.575151) = -18.575151
2023-07-08 14:31:49,292 - calculation - INFO - x value is -20.0, calculation of deviation ...
2023-07-08 14:31:49,292 - calculation - INFO - Result: 1.0 - (-19.347134) = 20.347134
2023-07-08 14:31:49,293 - calculation - INFO - x value is -20.0, calculation of deviation ...
2023-07-08 14:31:49,293 - calculation - INFO - Result: 1.0 - (99.261604) = -98.261604
2023-07-08 14:31:49,295 - calculation - INFO - x value is -18.1, calculation of deviation ...
2023-07-08 14:31:49,295 - calculation - INFO - Result: 1.0 - (35.745747) = -34.745747
2023-07-08 14:31:49,297 - calculation - INFO - x value is -17.5, calculation of deviation ...
2023-07-08 14:31:49,297 - calculation - INFO - Result: 1.0 - (16.389914) = -15.389914000000001
2023-07-08 14:31:49,299 - calculation - INFO - x value is -17.4, calculation of deviation ...
2023-07-08 14:31:49,299 - calculation - INFO - Result: 1.0 - (16.13856) = -15.138559999999998
2023-07-08 14:31:49,301 - calculation - INFO - x value is -17.1, calculation of deviation ...
2023-07-08 14:31:49,301 - calculation - INFO - Result: 1.0 - (15.988693) = -14.988693
2023-07-08 14:31:49,303 - calculation - INFO - x value is -16.7, calculation of deviation ...
2023-07-08 14:31:49,303 - calculation - INFO - Result: 1.0 - (16.142563) = -15.142562999999999
2023-07-08 14:31:49,305 - calculation - INFO - x value is -16.6, calculation of deviation ...
2023-07-08 14:31:49,305 - calculation - INFO - Result: 1.0 - (-1.8238432) = 2.8238431999999998
2023-07-08 14:31:49,307 - calculation - INFO - x value is -16.5, calculation of deviation ...
2023-07-08 14:31:49,307 - calculation - INFO - Result: 1.0 - (0.4701114) = 0.5298886
2023-07-08 14:31:49,308 - calculation - INFO - x value is -16.2, calculation of deviation ...
2023-07-08 14:31:49,308 - calculation - INFO - Result: 1.0 - (80.32605) = -79.32605
2023-07-08 14:31:49,310 - calculation - INFO - x value is -16.2, calculation of deviation ...
2023-07-08 14:31:49,310 - calculation - INFO - Result: 1.0 - (-0.62903035) = 1.6290303499999998
2023-07-08 14:31:49,311 - calculation - INFO - x value is -15.8, calculation of deviation ...
2023-07-08 14:31:49,311 - calculation - INFO - Result: 1.0 - (-1.1628026) = 2.1628026
2023-07-08 14:31:49,313 - calculation - INFO - x value is -15.3, calculation of deviation ...
2023-07-08 14:31:49,313 - calculation - INFO - Result: 1.0 - (0.21437874) = 0.78562126
2023-07-08 14:31:49,314 - calculation - INFO - x value is -15.1, calculation of deviation ...
2023-07-08 14:31:49,314 - calculation - INFO - Result: 1.0 - (-0.8285563) = 1.8285563
2023-07-08 14:31:49,316 - calculation - INFO - x value is -15.1, calculation of deviation ...
2023-07-08 14:31:49,316 - calculation - INFO - Result: 1.0 - (14.192294) = -13.192294
2023-07-08 14:31:49,317 - calculation - INFO - x value is -14.2, calculation of deviation ...
2023-07-08 14:31:49,317 - calculation - INFO - Result: 1.0 - (15.1473255) = -14.1473255
2023-07-08 14:31:49,319 - calculation - INFO - x value is -13.8, calculation of deviation ...
2023-07-08 14:31:49,319 - calculation - INFO - Result: 1.0 - (44.641987) = -43.641987
2023-07-08 14:31:49,321 - calculation - INFO - x value is -13.8, calculation of deviation ...
2023-07-08 14:31:49,321 - calculation - INFO - Result: 1.0 - (14.865583) = -13.865583
2023-07-08 14:31:49,322 - calculation - INFO - x value is -12.6, calculation of deviation ...
2023-07-08 14:31:49,322 - calculation - INFO - Result: 1.0 - (-0.080303125) = 1.080303125
2023-07-08 14:31:49,324 - calculation - INFO - x value is -11.7, calculation of deviation ...
2023-07-08 14:31:49,324 - calculation - INFO - Result: 1.0 - (-0.14251386) = 1.14251386
2023-07-08 14:31:49,325 - calculation - INFO - x value is -11.5, calculation of deviation ...
2023-07-08 14:31:49,325 - calculation - INFO - Result: 1.0 - (-0.47237664) = 1.47237664
2023-07-08 14:31:49,327 - calculation - INFO - x value is -11.4, calculation of deviation ...
2023-07-08 14:31:49,327 - calculation - INFO - Result: 1.0 - (10.554388) = -9.554388
2023-07-08 14:31:49,329 - calculation - INFO - x value is -11.1, calculation of deviation ...
2023-07-08 14:31:49,329 - calculation - INFO - Result: 1.0 - (-11.129228) = 12.129228
2023-07-08 14:31:49,330 - calculation - INFO - x value is -10.7, calculation of deviation ...
2023-07-08 14:31:49,330 - calculation - INFO - Result: 1.0 - (0.73965573) = 0.26034427000000004
2023-07-08 14:31:49,332 - calculation - INFO - x value is -10.1, calculation of deviation ...
2023-07-08 14:31:49,332 - calculation - INFO - Result: 1.0 - (55.911495) = -54.911495
2023-07-08 14:31:49,333 - calculation - INFO - x value is -9.1, calculation of deviation ...
2023-07-08 14:31:49,333 - calculation - INFO - Result: 1.0 - (-1.1680479) = 2.1680479
2023-07-08 14:31:49,334 - calculation - INFO - x value is -8.1, calculation of deviation ...
2023-07-08 14:31:49,335 - calculation - INFO - Result: 1.0 - (2.8754423) = -1.8754423
2023-07-08 14:31:49,336 - calculation - INFO - x value is -8.1, calculation of deviation ...
2023-07-08 14:31:49,336 - calculation - INFO - Result: 1.0 - (41.723595) = -40.723595
2023-07-08 14:31:49,338 - calculation - INFO - x value is -7.8, calculation of deviation ...
2023-07-08 14:31:49,338 - calculation - INFO - Result: 1.0 - (9.451261) = -8.451261
2023-07-08 14:31:49,339 - calculation - INFO - x value is -7.3, calculation of deviation ...
2023-07-08 14:31:49,339 - calculation - INFO - Result: 1.0 - (37.313965) = -36.313965
2023-07-08 14:31:49,341 - calculation - INFO - x value is -7.2, calculation of deviation ...
2023-07-08 14:31:49,341 - calculation - INFO - Result: 1.0 - (8.389769) = -7.389768999999999
2023-07-08 14:31:49,342 - calculation - INFO - x value is -7.1, calculation of deviation ...
2023-07-08 14:31:49,342 - calculation - INFO - Result: 1.0 - (-0.1505335) = 1.1505334999999999
2023-07-08 14:31:49,344 - calculation - INFO - x value is -7.0, calculation of deviation ...
2023-07-08 14:31:49,344 - calculation - INFO - Result: 1.0 - (8.068539) = -7.0685389999999995
2023-07-08 14:31:49,346 - calculation - INFO - x value is -6.8, calculation of deviation ...
2023-07-08 14:31:49,346 - calculation - INFO - Result: 1.0 - (34.77236) = -33.77236
2023-07-08 14:31:49,347 - calculation - INFO - x value is -6.8, calculation of deviation ...
2023-07-08 14:31:49,347 - calculation - INFO - Result: 1.0 - (8.903284) = -7.903283999999999
2023-07-08 14:31:49,349 - calculation - INFO - x value is -6.5, calculation of deviation ...
2023-07-08 14:31:49,349 - calculation - INFO - Result: 1.0 - (81.21402) = -80.21402
2023-07-08 14:31:49,350 - calculation - INFO - x value is -5.6, calculation of deviation ...
2023-07-08 14:31:49,350 - calculation - INFO - Result: 1.0 - (0.99593544) = 0.004064559999999995
2023-07-08 14:31:49,352 - calculation - INFO - x value is -5.3, calculation of deviation ...
2023-07-08 14:31:49,352 - calculation - INFO - Result: 1.0 - (58.32741) = -57.32741
2023-07-08 14:31:49,353 - calculation - INFO - x value is -5.2, calculation of deviation ...
2023-07-08 14:31:49,354 - calculation - INFO - Result: 1.0 - (6.369374) = -5.369374
2023-07-08 14:31:49,355 - calculation - INFO - x value is -4.9, calculation of deviation ...
2023-07-08 14:31:49,355 - calculation - INFO - Result: 1.0 - (-5.120785) = 6.120785
2023-07-08 14:31:49,357 - calculation - INFO - x value is -4.7, calculation of deviation ...
2023-07-08 14:31:49,357 - calculation - INFO - Result: 1.0 - (34.25082) = -33.25082
2023-07-08 14:31:49,358 - calculation - INFO - x value is -3.8, calculation of deviation ...
2023-07-08 14:31:49,358 - calculation - INFO - Result: 1.0 - (18.251514) = -17.251514
2023-07-08 14:31:49,360 - calculation - INFO - x value is -3.2, calculation of deviation ...
2023-07-08 14:31:49,360 - calculation - INFO - Result: 1.0 - (-3.7390823) = 4.7390823
2023-07-08 14:31:49,361 - calculation - INFO - x value is -2.9, calculation of deviation ...
2023-07-08 14:31:49,361 - calculation - INFO - Result: 1.0 - (13.796734) = -12.796734
2023-07-08 14:31:49,363 - calculation - INFO - x value is -2.8, calculation of deviation ...
2023-07-08 14:31:49,363 - calculation - INFO - Result: 1.0 - (13.655836) = -12.655836
2023-07-08 14:31:49,364 - calculation - INFO - x value is -2.7, calculation of deviation ...
2023-07-08 14:31:49,364 - calculation - INFO - Result: 1.0 - (-1.6819549) = 2.6819549
2023-07-08 14:31:49,366 - calculation - INFO - x value is -2.6, calculation of deviation ...
2023-07-08 14:31:49,366 - calculation - INFO - Result: 1.0 - (0.07008944) = 0.9299105599999999
2023-07-08 14:31:49,367 - calculation - INFO - x value is -2.3, calculation of deviation ...
2023-07-08 14:31:49,367 - calculation - INFO - Result: 1.0 - (5.864152) = -4.864152
2023-07-08 14:31:49,369 - calculation - INFO - x value is -1.7, calculation of deviation ...
2023-07-08 14:31:49,369 - calculation - INFO - Result: 1.0 - (3.5454068) = -2.5454068
2023-07-08 14:31:49,371 - calculation - INFO - x value is -1.1, calculation of deviation ...
2023-07-08 14:31:49,371 - calculation - INFO - Result: 1.0 - (44.993546) = -43.993546
2023-07-08 14:31:49,372 - calculation - INFO - x value is -1.0, calculation of deviation ...
2023-07-08 14:31:49,372 - calculation - INFO - Result: 1.0 - (4.13364) = -3.1336399999999998
2023-07-08 14:31:49,374 - calculation - INFO - x value is -0.5, calculation of deviation ...
2023-07-08 14:31:49,374 - calculation - INFO - Result: 1.0 - (0.6526604) = 0.34733959999999997
2023-07-08 14:31:49,375 - calculation - INFO - x value is 0.1, calculation of deviation ...
2023-07-08 14:31:49,375 - calculation - INFO - Result: 1.0 - (1.154942) = -0.1549419999999999
2023-07-08 14:31:49,377 - calculation - INFO - x value is 0.1, calculation of deviation ...
2023-07-08 14:31:49,377 - calculation - INFO - Result: 1.0 - (1.9481975) = -0.9481975
2023-07-08 14:31:49,378 - calculation - INFO - x value is 0.2, calculation of deviation ...
2023-07-08 14:31:49,378 - calculation - INFO - Result: 1.0 - (-0.17285825) = 1.17285825
2023-07-08 14:31:49,380 - calculation - INFO - x value is 0.3, calculation of deviation ...
2023-07-08 14:31:49,380 - calculation - INFO - Result: 1.0 - (59.68033) = -58.68033
2023-07-08 14:31:49,381 - calculation - INFO - x value is 0.5, calculation of deviation ...
2023-07-08 14:31:49,381 - calculation - INFO - Result: 1.0 - (2.4143674) = -1.4143674000000002
2023-07-08 14:31:49,383 - calculation - INFO - x value is 0.5, calculation of deviation ...
2023-07-08 14:31:49,383 - calculation - INFO - Result: 1.0 - (1.6080067) = -0.6080067
2023-07-08 14:31:49,384 - calculation - INFO - x value is 1.6, calculation of deviation ...
2023-07-08 14:31:49,385 - calculation - INFO - Result: 1.0 - (9.33222) = -8.33222
2023-07-08 14:31:49,386 - calculation - INFO - x value is 2.4, calculation of deviation ...
2023-07-08 14:31:49,387 - calculation - INFO - Result: 1.0 - (13.258442) = -12.258442
2023-07-08 14:31:49,388 - calculation - INFO - x value is 2.9, calculation of deviation ...
2023-07-08 14:31:49,388 - calculation - INFO - Result: 1.0 - (2.714772) = -1.714772
2023-07-08 14:31:49,390 - calculation - INFO - x value is 3.5, calculation of deviation ...
2023-07-08 14:31:49,390 - calculation - INFO - Result: 1.0 - (-1.72327) = 2.7232700000000003
2023-07-08 14:31:49,391 - calculation - INFO - x value is 4.2, calculation of deviation ...
2023-07-08 14:31:49,391 - calculation - INFO - Result: 1.0 - (3.679699) = -2.679699
2023-07-08 14:31:49,393 - calculation - INFO - x value is 4.5, calculation of deviation ...
2023-07-08 14:31:49,393 - calculation - INFO - Result: 1.0 - (-1.3256714) = 2.3256714
2023-07-08 14:31:49,394 - calculation - INFO - x value is 4.7, calculation of deviation ...
2023-07-08 14:31:49,394 - calculation - INFO - Result: 1.0 - (4.5685735) = -3.5685735000000003
2023-07-08 14:31:49,396 - calculation - INFO - x value is 4.9, calculation of deviation ...
2023-07-08 14:31:49,396 - calculation - INFO - Result: 1.0 - (4.4963365) = -3.4963365
2023-07-08 14:31:49,398 - calculation - INFO - x value is 5.7, calculation of deviation ...
2023-07-08 14:31:49,398 - calculation - INFO - Result: 1.0 - (14.907959) = -13.907959
2023-07-08 14:31:49,399 - calculation - INFO - x value is 5.8, calculation of deviation ...
2023-07-08 14:31:49,399 - calculation - INFO - Result: 1.0 - (28.826637) = -27.826637
2023-07-08 14:31:49,401 - calculation - INFO - x value is 6.2, calculation of deviation ...
2023-07-08 14:31:49,401 - calculation - INFO - Result: 1.0 - (30.448309) = -29.448309
2023-07-08 14:31:49,402 - calculation - INFO - x value is 6.5, calculation of deviation ...
2023-07-08 14:31:49,402 - calculation - INFO - Result: 1.0 - (1.0312804) = -0.031280399999999986
2023-07-08 14:31:49,404 - calculation - INFO - x value is 6.5, calculation of deviation ...
2023-07-08 14:31:49,404 - calculation - INFO - Result: 1.0 - (2.3751493) = -1.3751493
2023-07-08 14:31:49,406 - calculation - INFO - x value is 6.7, calculation of deviation ...
2023-07-08 14:31:49,406 - calculation - INFO - Result: 1.0 - (7.405298) = -6.405298
2023-07-08 14:31:49,407 - calculation - INFO - x value is 6.9, calculation of deviation ...
2023-07-08 14:31:49,408 - calculation - INFO - Result: 1.0 - (7.529588) = -6.529588
2023-07-08 14:31:49,409 - calculation - INFO - x value is 7.2, calculation of deviation ...
2023-07-08 14:31:49,409 - calculation - INFO - Result: 1.0 - (6.6985793) = -5.6985793
2023-07-08 14:31:49,411 - calculation - INFO - x value is 7.8, calculation of deviation ...
2023-07-08 14:31:49,411 - calculation - INFO - Result: 1.0 - (7.945975) = -6.945975
2023-07-08 14:31:49,412 - calculation - INFO - x value is 9.0, calculation of deviation ...
2023-07-08 14:31:49,412 - calculation - INFO - Result: 1.0 - (9.132467) = -8.132467
2023-07-08 14:31:49,414 - calculation - INFO - x value is 9.1, calculation of deviation ...
2023-07-08 14:31:49,414 - calculation - INFO - Result: 1.0 - (10.091935) = -9.091935
2023-07-08 14:31:49,415 - calculation - INFO - x value is 9.2, calculation of deviation ...
2023-07-08 14:31:49,415 - calculation - INFO - Result: 1.0 - (8.35989) = -7.35989
2023-07-08 14:31:49,417 - calculation - INFO - x value is 9.3, calculation of deviation ...
2023-07-08 14:31:49,417 - calculation - INFO - Result: 1.0 - (46.964706) = -45.964706
2023-07-08 14:31:49,419 - calculation - INFO - x value is 9.6, calculation of deviation ...
2023-07-08 14:31:49,419 - calculation - INFO - Result: 1.0 - (8.792373) = -7.7923729999999995
2023-07-08 14:31:49,421 - calculation - INFO - x value is 9.7, calculation of deviation ...
2023-07-08 14:31:49,421 - calculation - INFO - Result: 1.0 - (48.93252) = -47.93252
2023-07-08 14:31:49,422 - calculation - INFO - x value is 11.0, calculation of deviation ...
2023-07-08 14:31:49,422 - calculation - INFO - Result: 1.0 - (30.900364) = -29.900364
2023-07-08 14:31:49,424 - calculation - INFO - x value is 11.1, calculation of deviation ...
2023-07-08 14:31:49,424 - calculation - INFO - Result: 1.0 - (-0.6867566) = 1.6867566
2023-07-08 14:31:49,425 - calculation - INFO - x value is 11.6, calculation of deviation ...
2023-07-08 14:31:49,425 - calculation - INFO - Result: 1.0 - (57.546875) = -56.546875
2023-07-08 14:31:49,427 - calculation - INFO - x value is 12.5, calculation of deviation ...
2023-07-08 14:31:49,427 - calculation - INFO - Result: 1.0 - (12.437278) = -11.437278
2023-07-08 14:31:49,429 - calculation - INFO - x value is 12.9, calculation of deviation ...
2023-07-08 14:31:49,429 - calculation - INFO - Result: 1.0 - (11.8070135) = -10.8070135
2023-07-08 14:31:49,430 - calculation - INFO - x value is 13.1, calculation of deviation ...
2023-07-08 14:31:49,430 - calculation - INFO - Result: 1.0 - (3.3941772) = -2.3941772
2023-07-08 14:31:49,432 - calculation - INFO - x value is 13.4, calculation of deviation ...
2023-07-08 14:31:49,432 - calculation - INFO - Result: 1.0 - (65.792496) = -64.792496
2023-07-08 14:31:49,433 - calculation - INFO - x value is 13.7, calculation of deviation ...
2023-07-08 14:31:49,433 - calculation - INFO - Result: 1.0 - (0.6294186) = 0.37058139999999995
2023-07-08 14:31:49,435 - calculation - INFO - x value is 14.5, calculation of deviation ...
2023-07-08 14:31:49,435 - calculation - INFO - Result: 1.0 - (14.734339) = -13.734339
2023-07-08 14:31:49,436 - calculation - INFO - x value is 15.0, calculation of deviation ...
2023-07-08 14:31:49,436 - calculation - INFO - Result: 1.0 - (99.7092) = -98.7092
2023-07-08 14:31:49,438 - calculation - INFO - x value is 15.1, calculation of deviation ...
2023-07-08 14:31:49,438 - calculation - INFO - Result: 1.0 - (75.25758) = -74.25758
2023-07-08 14:31:49,440 - calculation - INFO - x value is 16.3, calculation of deviation ...
2023-07-08 14:31:49,440 - calculation - INFO - Result: 1.0 - (16.993471) = -15.993471
2023-07-08 14:31:49,441 - calculation - INFO - x value is 16.8, calculation of deviation ...
2023-07-08 14:31:49,441 - calculation - INFO - Result: 1.0 - (17.516111) = -16.516111
2023-07-08 14:31:49,443 - calculation - INFO - x value is 17.1, calculation of deviation ...
2023-07-08 14:31:49,443 - calculation - INFO - Result: 1.0 - (18.14629) = -17.14629
2023-07-08 14:31:49,444 - calculation - INFO - x value is 17.9, calculation of deviation ...
2023-07-08 14:31:49,444 - calculation - INFO - Result: 1.0 - (17.754583) = -16.754583
2023-07-08 14:31:49,446 - calculation - INFO - x value is 18.1, calculation of deviation ...
2023-07-08 14:31:49,446 - calculation - INFO - Result: 1.0 - (89.33668) = -88.33668
2023-07-08 14:31:49,447 - calculation - INFO - x value is 18.9, calculation of deviation ...
2023-07-08 14:31:49,448 - calculation - INFO - Result: 1.0 - (18.88673) = -17.88673
2023-07-08 14:31:49,449 - calculation - INFO - x value is 18.9, calculation of deviation ...
2023-07-08 14:31:49,449 - calculation - INFO - Result: 1.0 - (84.124916) = -83.124916
2023-07-08 14:31:49,450 - calculation - INFO - x value is 19.7, calculation of deviation ...
2023-07-08 14:31:49,450 - calculation - INFO - Result: 1.0 - (19.575151) = -18.575151
2023-07-08 14:31:49,452 - calculation - INFO - x value is -20.0, calculation of deviation ...
2023-07-08 14:31:49,452 - calculation - INFO - Result: 1.0 - (-19.347134) = 20.347134
2023-07-08 14:31:49,454 - calculation - INFO - x value is -20.0, calculation of deviation ...
2023-07-08 14:31:49,454 - calculation - INFO - Result: 1.0 - (99.261604) = -98.261604
2023-07-08 14:31:49,455 - calculation - INFO - x value is -18.1, calculation of deviation ...
2023-07-08 14:31:49,456 - calculation - INFO - Result: 1.0 - (35.745747) = -34.745747
2023-07-08 14:31:49,457 - calculation - INFO - x value is -17.5, calculation of deviation ...
2023-07-08 14:31:49,457 - calculation - INFO - Result: 1.0 - (16.389914) = -15.389914000000001
2023-07-08 14:31:49,458 - calculation - INFO - x value is -17.4, calculation of deviation ...
2023-07-08 14:31:49,459 - calculation - INFO - Result: 1.0 - (16.13856) = -15.138559999999998
2023-07-08 14:31:49,460 - calculation - INFO - x value is -17.1, calculation of deviation ...
2023-07-08 14:31:49,460 - calculation - INFO - Result: 1.0 - (15.988693) = -14.988693
2023-07-08 14:31:49,462 - calculation - INFO - x value is -16.7, calculation of deviation ...
2023-07-08 14:31:49,462 - calculation - INFO - Result: 1.0 - (16.142563) = -15.142562999999999
2023-07-08 14:31:49,463 - calculation - INFO - x value is -16.6, calculation of deviation ...
2023-07-08 14:31:49,463 - calculation - INFO - Result: 1.0 - (-1.8238432) = 2.8238431999999998
2023-07-08 14:31:49,465 - calculation - INFO - x value is -16.5, calculation of deviation ...
2023-07-08 14:31:49,465 - calculation - INFO - Result: 1.0 - (0.4701114) = 0.5298886
2023-07-08 14:31:49,466 - calculation - INFO - x value is -16.2, calculation of deviation ...
2023-07-08 14:31:49,466 - calculation - INFO - Result: 1.0 - (80.32605) = -79.32605
2023-07-08 14:31:49,468 - calculation - INFO - x value is -16.2, calculation of deviation ...
2023-07-08 14:31:49,468 - calculation - INFO - Result: 1.0 - (-0.62903035) = 1.6290303499999998
2023-07-08 14:31:49,469 - calculation - INFO - x value is -15.8, calculation of deviation ...
2023-07-08 14:31:49,469 - calculation - INFO - Result: 1.0 - (-1.1628026) = 2.1628026
2023-07-08 14:31:49,471 - calculation - INFO - x value is -15.3, calculation of deviation ...
2023-07-08 14:31:49,471 - calculation - INFO - Result: 1.0 - (0.21437874) = 0.78562126
2023-07-08 14:31:49,473 - calculation - INFO - x value is -15.1, calculation of deviation ...
2023-07-08 14:31:49,473 - calculation - INFO - Result: 1.0 - (-0.8285563) = 1.8285563
2023-07-08 14:31:49,474 - calculation - INFO - x value is -15.1, calculation of deviation ...
2023-07-08 14:31:49,474 - calculation - INFO - Result: 1.0 - (14.192294) = -13.192294
2023-07-08 14:31:49,476 - calculation - INFO - x value is -14.2, calculation of deviation ...
2023-07-08 14:31:49,476 - calculation - INFO - Result: 1.0 - (15.1473255) = -14.1473255
2023-07-08 14:31:49,478 - calculation - INFO - x value is -13.8, calculation of deviation ...
2023-07-08 14:31:49,478 - calculation - INFO - Result: 1.0 - (44.641987) = -43.641987
2023-07-08 14:31:49,480 - calculation - INFO - x value is -13.8, calculation of deviation ...
2023-07-08 14:31:49,480 - calculation - INFO - Result: 1.0 - (14.865583) = -13.865583
2023-07-08 14:31:49,481 - calculation - INFO - x value is -12.6, calculation of deviation ...
2023-07-08 14:31:49,481 - calculation - INFO - Result: 1.0 - (-0.080303125) = 1.080303125
2023-07-08 14:31:49,483 - calculation - INFO - x value is -11.7, calculation of deviation ...
2023-07-08 14:31:49,483 - calculation - INFO - Result: 1.0 - (-0.14251386) = 1.14251386
2023-07-08 14:31:49,484 - calculation - INFO - x value is -11.5, calculation of deviation ...
2023-07-08 14:31:49,484 - calculation - INFO - Result: 1.0 - (-0.47237664) = 1.47237664
2023-07-08 14:31:49,486 - calculation - INFO - x value is -11.4, calculation of deviation ...
2023-07-08 14:31:49,486 - calculation - INFO - Result: 1.0 - (10.554388) = -9.554388
2023-07-08 14:31:49,488 - calculation - INFO - x value is -11.1, calculation of deviation ...
2023-07-08 14:31:49,488 - calculation - INFO - Result: 1.0 - (-11.129228) = 12.129228
2023-07-08 14:31:49,490 - calculation - INFO - x value is -10.7, calculation of deviation ...
2023-07-08 14:31:49,490 - calculation - INFO - Result: 1.0 - (0.73965573) = 0.26034427000000004
2023-07-08 14:31:49,491 - calculation - INFO - x value is -10.1, calculation of deviation ...
2023-07-08 14:31:49,491 - calculation - INFO - Result: 1.0 - (55.911495) = -54.911495
2023-07-08 14:31:49,492 - calculation - INFO - x value is -9.1, calculation of deviation ...
2023-07-08 14:31:49,493 - calculation - INFO - Result: 1.0 - (-1.1680479) = 2.1680479
2023-07-08 14:31:49,494 - calculation - INFO - x value is -8.1, calculation of deviation ...
2023-07-08 14:31:49,494 - calculation - INFO - Result: 1.0 - (2.8754423) = -1.8754423
2023-07-08 14:31:49,496 - calculation - INFO - x value is -8.1, calculation of deviation ...
2023-07-08 14:31:49,496 - calculation - INFO - Result: 1.0 - (41.723595) = -40.723595
2023-07-08 14:31:49,498 - calculation - INFO - x value is -7.8, calculation of deviation ...
2023-07-08 14:31:49,498 - calculation - INFO - Result: 1.0 - (9.451261) = -8.451261
2023-07-08 14:31:49,500 - calculation - INFO - x value is -7.3, calculation of deviation ...
2023-07-08 14:31:49,500 - calculation - INFO - Result: 1.0 - (37.313965) = -36.313965
2023-07-08 14:31:49,502 - calculation - INFO - x value is -7.2, calculation of deviation ...
2023-07-08 14:31:49,502 - calculation - INFO - Result: 1.0 - (8.389769) = -7.389768999999999
2023-07-08 14:31:49,504 - calculation - INFO - x value is -7.1, calculation of deviation ...
2023-07-08 14:31:49,504 - calculation - INFO - Result: 1.0 - (-0.1505335) = 1.1505334999999999
2023-07-08 14:31:49,506 - calculation - INFO - x value is -7.0, calculation of deviation ...
2023-07-08 14:31:49,506 - calculation - INFO - Result: 1.0 - (8.068539) = -7.0685389999999995
2023-07-08 14:31:49,508 - calculation - INFO - x value is -6.8, calculation of deviation ...
2023-07-08 14:31:49,508 - calculation - INFO - Result: 1.0 - (34.77236) = -33.77236
2023-07-08 14:31:49,509 - calculation - INFO - x value is -6.8, calculation of deviation ...
2023-07-08 14:31:49,509 - calculation - INFO - Result: 1.0 - (8.903284) = -7.903283999999999
2023-07-08 14:31:49,511 - calculation - INFO - x value is -6.5, calculation of deviation ...
2023-07-08 14:31:49,511 - calculation - INFO - Result: 1.0 - (81.21402) = -80.21402
2023-07-08 14:31:49,513 - calculation - INFO - x value is -5.6, calculation of deviation ...
2023-07-08 14:31:49,513 - calculation - INFO - Result: 1.0 - (0.99593544) = 0.004064559999999995
2023-07-08 14:31:49,514 - calculation - INFO - x value is -5.3, calculation of deviation ...
2023-07-08 14:31:49,514 - calculation - INFO - Result: 1.0 - (58.32741) = -57.32741
2023-07-08 14:31:49,516 - calculation - INFO - x value is -5.2, calculation of deviation ...
2023-07-08 14:31:49,516 - calculation - INFO - Result: 1.0 - (6.369374) = -5.369374
2023-07-08 14:31:49,517 - calculation - INFO - x value is -4.9, calculation of deviation ...
2023-07-08 14:31:49,517 - calculation - INFO - Result: 1.0 - (-5.120785) = 6.120785
2023-07-08 14:31:49,519 - calculation - INFO - x value is -4.7, calculation of deviation ...
2023-07-08 14:31:49,519 - calculation - INFO - Result: 1.0 - (34.25082) = -33.25082
2023-07-08 14:31:49,520 - calculation - INFO - x value is -3.8, calculation of deviation ...
2023-07-08 14:31:49,521 - calculation - INFO - Result: 1.0 - (18.251514) = -17.251514
2023-07-08 14:31:49,522 - calculation - INFO - x value is -3.2, calculation of deviation ...
2023-07-08 14:31:49,522 - calculation - INFO - Result: 1.0 - (-3.7390823) = 4.7390823
2023-07-08 14:31:49,524 - calculation - INFO - x value is -2.9, calculation of deviation ...
2023-07-08 14:31:49,524 - calculation - INFO - Result: 1.0 - (13.796734) = -12.796734
2023-07-08 14:31:49,525 - calculation - INFO - x value is -2.8, calculation of deviation ...
2023-07-08 14:31:49,525 - calculation - INFO - Result: 1.0 - (13.655836) = -12.655836
2023-07-08 14:31:49,527 - calculation - INFO - x value is -2.7, calculation of deviation ...
2023-07-08 14:31:49,527 - calculation - INFO - Result: 1.0 - (-1.6819549) = 2.6819549
2023-07-08 14:31:49,528 - calculation - INFO - x value is -2.6, calculation of deviation ...
2023-07-08 14:31:49,528 - calculation - INFO - Result: 1.0 - (0.07008944) = 0.9299105599999999
2023-07-08 14:31:49,530 - calculation - INFO - x value is -2.3, calculation of deviation ...
2023-07-08 14:31:49,530 - calculation - INFO - Result: 1.0 - (5.864152) = -4.864152
2023-07-08 14:31:49,531 - calculation - INFO - x value is -1.7, calculation of deviation ...
2023-07-08 14:31:49,531 - calculation - INFO - Result: 1.0 - (3.5454068) = -2.5454068
2023-07-08 14:31:49,533 - calculation - INFO - x value is -1.1, calculation of deviation ...
2023-07-08 14:31:49,533 - calculation - INFO - Result: 1.0 - (44.993546) = -43.993546
2023-07-08 14:31:49,534 - calculation - INFO - x value is -1.0, calculation of deviation ...
2023-07-08 14:31:49,534 - calculation - INFO - Result: 1.0 - (4.13364) = -3.1336399999999998
2023-07-08 14:31:49,536 - calculation - INFO - x value is -0.5, calculation of deviation ...
2023-07-08 14:31:49,536 - calculation - INFO - Result: 1.0 - (0.6526604) = 0.34733959999999997
2023-07-08 14:31:49,538 - calculation - INFO - x value is 0.1, calculation of deviation ...
2023-07-08 14:31:49,538 - calculation - INFO - Result: 1.0 - (1.154942) = -0.1549419999999999
2023-07-08 14:31:49,539 - calculation - INFO - x value is 0.1, calculation of deviation ...
2023-07-08 14:31:49,539 - calculation - INFO - Result: 1.0 - (1.9481975) = -0.9481975
2023-07-08 14:31:49,541 - calculation - INFO - x value is 0.2, calculation of deviation ...
2023-07-08 14:31:49,541 - calculation - INFO - Result: 1.0 - (-0.17285825) = 1.17285825
2023-07-08 14:31:49,542 - calculation - INFO - x value is 0.3, calculation of deviation ...
2023-07-08 14:31:49,542 - calculation - INFO - Result: 1.0 - (59.68033) = -58.68033
2023-07-08 14:31:49,544 - calculation - INFO - x value is 0.5, calculation of deviation ...
2023-07-08 14:31:49,544 - calculation - INFO - Result: 1.0 - (2.4143674) = -1.4143674000000002
2023-07-08 14:31:49,546 - calculation - INFO - x value is 0.5, calculation of deviation ...
2023-07-08 14:31:49,546 - calculation - INFO - Result: 1.0 - (1.6080067) = -0.6080067
2023-07-08 14:31:49,547 - calculation - INFO - x value is 1.6, calculation of deviation ...
2023-07-08 14:31:49,547 - calculation - INFO - Result: 1.0 - (9.33222) = -8.33222
2023-07-08 14:31:49,549 - calculation - INFO - x value is 2.4, calculation of deviation ...
2023-07-08 14:31:49,549 - calculation - INFO - Result: 1.0 - (13.258442) = -12.258442
2023-07-08 14:31:49,550 - calculation - INFO - x value is 2.9, calculation of deviation ...
2023-07-08 14:31:49,550 - calculation - INFO - Result: 1.0 - (2.714772) = -1.714772
2023-07-08 14:31:49,551 - calculation - INFO - x value is 3.5, calculation of deviation ...
2023-07-08 14:31:49,552 - calculation - INFO - Result: 1.0 - (-1.72327) = 2.7232700000000003
2023-07-08 14:31:49,553 - calculation - INFO - x value is 4.2, calculation of deviation ...
2023-07-08 14:31:49,553 - calculation - INFO - Result: 1.0 - (3.679699) = -2.679699
2023-07-08 14:31:49,555 - calculation - INFO - x value is 4.5, calculation of deviation ...
2023-07-08 14:31:49,555 - calculation - INFO - Result: 1.0 - (-1.3256714) = 2.3256714
2023-07-08 14:31:49,557 - calculation - INFO - x value is 4.7, calculation of deviation ...
2023-07-08 14:31:49,557 - calculation - INFO - Result: 1.0 - (4.5685735) = -3.5685735000000003
2023-07-08 14:31:49,558 - calculation - INFO - x value is 4.9, calculation of deviation ...
2023-07-08 14:31:49,558 - calculation - INFO - Result: 1.0 - (4.4963365) = -3.4963365
2023-07-08 14:31:49,560 - calculation - INFO - x value is 5.7, calculation of deviation ...
2023-07-08 14:31:49,560 - calculation - INFO - Result: 1.0 - (14.907959) = -13.907959
2023-07-08 14:31:49,561 - calculation - INFO - x value is 5.8, calculation of deviation ...
2023-07-08 14:31:49,561 - calculation - INFO - Result: 1.0 - (28.826637) = -27.826637
2023-07-08 14:31:49,563 - calculation - INFO - x value is 6.2, calculation of deviation ...
2023-07-08 14:31:49,563 - calculation - INFO - Result: 1.0 - (30.448309) = -29.448309
2023-07-08 14:31:49,564 - calculation - INFO - x value is 6.5, calculation of deviation ...
2023-07-08 14:31:49,564 - calculation - INFO - Result: 1.0 - (1.0312804) = -0.031280399999999986
2023-07-08 14:31:49,566 - calculation - INFO - x value is 6.5, calculation of deviation ...
2023-07-08 14:31:49,566 - calculation - INFO - Result: 1.0 - (2.3751493) = -1.3751493
2023-07-08 14:31:49,567 - calculation - INFO - x value is 6.7, calculation of deviation ...
2023-07-08 14:31:49,567 - calculation - INFO - Result: 1.0 - (7.405298) = -6.405298
2023-07-08 14:31:49,569 - calculation - INFO - x value is 6.9, calculation of deviation ...
2023-07-08 14:31:49,569 - calculation - INFO - Result: 1.0 - (7.529588) = -6.529588
2023-07-08 14:31:49,571 - calculation - INFO - x value is 7.2, calculation of deviation ...
2023-07-08 14:31:49,571 - calculation - INFO - Result: 1.0 - (6.6985793) = -5.6985793
2023-07-08 14:31:49,572 - calculation - INFO - x value is 7.8, calculation of deviation ...
2023-07-08 14:31:49,572 - calculation - INFO - Result: 1.0 - (7.945975) = -6.945975
2023-07-08 14:31:49,574 - calculation - INFO - x value is 9.0, calculation of deviation ...
2023-07-08 14:31:49,574 - calculation - INFO - Result: 1.0 - (9.132467) = -8.132467
2023-07-08 14:31:49,575 - calculation - INFO - x value is 9.1, calculation of deviation ...
2023-07-08 14:31:49,575 - calculation - INFO - Result: 1.0 - (10.091935) = -9.091935
2023-07-08 14:31:49,577 - calculation - INFO - x value is 9.2, calculation of deviation ...
2023-07-08 14:31:49,577 - calculation - INFO - Result: 1.0 - (8.35989) = -7.35989
2023-07-08 14:31:49,578 - calculation - INFO - x value is 9.3, calculation of deviation ...
2023-07-08 14:31:49,579 - calculation - INFO - Result: 1.0 - (46.964706) = -45.964706
2023-07-08 14:31:49,580 - calculation - INFO - x value is 9.6, calculation of deviation ...
2023-07-08 14:31:49,580 - calculation - INFO - Result: 1.0 - (8.792373) = -7.7923729999999995
2023-07-08 14:31:49,582 - calculation - INFO - x value is 9.7, calculation of deviation ...
2023-07-08 14:31:49,582 - calculation - INFO - Result: 1.0 - (48.93252) = -47.93252
2023-07-08 14:31:49,583 - calculation - INFO - x value is 11.0, calculation of deviation ...
2023-07-08 14:31:49,583 - calculation - INFO - Result: 1.0 - (30.900364) = -29.900364
2023-07-08 14:31:49,584 - calculation - INFO - x value is 11.1, calculation of deviation ...
2023-07-08 14:31:49,585 - calculation - INFO - Result: 1.0 - (-0.6867566) = 1.6867566
2023-07-08 14:31:49,586 - calculation - INFO - x value is 11.6, calculation of deviation ...
2023-07-08 14:31:49,586 - calculation - INFO - Result: 1.0 - (57.546875) = -56.546875
2023-07-08 14:31:49,588 - calculation - INFO - x value is 12.5, calculation of deviation ...
2023-07-08 14:31:49,588 - calculation - INFO - Result: 1.0 - (12.437278) = -11.437278
2023-07-08 14:31:49,590 - calculation - INFO - x value is 12.9, calculation of deviation ...
2023-07-08 14:31:49,590 - calculation - INFO - Result: 1.0 - (11.8070135) = -10.8070135
2023-07-08 14:31:49,591 - calculation - INFO - x value is 13.1, calculation of deviation ...
2023-07-08 14:31:49,591 - calculation - INFO - Result: 1.0 - (3.3941772) = -2.3941772
2023-07-08 14:31:49,592 - calculation - INFO - x value is 13.4, calculation of deviation ...
2023-07-08 14:31:49,593 - calculation - INFO - Result: 1.0 - (65.792496) = -64.792496
2023-07-08 14:31:49,594 - calculation - INFO - x value is 13.7, calculation of deviation ...
2023-07-08 14:31:49,594 - calculation - INFO - Result: 1.0 - (0.6294186) = 0.37058139999999995
2023-07-08 14:31:49,596 - calculation - INFO - x value is 14.5, calculation of deviation ...
2023-07-08 14:31:49,596 - calculation - INFO - Result: 1.0 - (14.734339) = -13.734339
2023-07-08 14:31:49,598 - calculation - INFO - x value is 15.0, calculation of deviation ...
2023-07-08 14:31:49,598 - calculation - INFO - Result: 1.0 - (99.7092) = -98.7092
2023-07-08 14:31:49,599 - calculation - INFO - x value is 15.1, calculation of deviation ...
2023-07-08 14:31:49,599 - calculation - INFO - Result: 1.0 - (75.25758) = -74.25758
2023-07-08 14:31:49,601 - calculation - INFO - x value is 16.3, calculation of deviation ...
2023-07-08 14:31:49,601 - calculation - INFO - Result: 1.0 - (16.993471) = -15.993471
2023-07-08 14:31:49,602 - calculation - INFO - x value is 16.8, calculation of deviation ...
2023-07-08 14:31:49,602 - calculation - INFO - Result: 1.0 - (17.516111) = -16.516111
2023-07-08 14:31:49,604 - calculation - INFO - x value is 17.1, calculation of deviation ...
2023-07-08 14:31:49,604 - calculation - INFO - Result: 1.0 - (18.14629) = -17.14629
2023-07-08 14:31:49,606 - calculation - INFO - x value is 17.9, calculation of deviation ...
2023-07-08 14:31:49,606 - calculation - INFO - Result: 1.0 - (17.754583) = -16.754583
2023-07-08 14:31:49,607 - calculation - INFO - x value is 18.1, calculation of deviation ...
2023-07-08 14:31:49,607 - calculation - INFO - Result: 1.0 - (89.33668) = -88.33668
2023-07-08 14:31:49,609 - calculation - INFO - x value is 18.9, calculation of deviation ...
2023-07-08 14:31:49,610 - calculation - INFO - Result: 1.0 - (18.88673) = -17.88673
2023-07-08 14:31:49,632 - calculation - INFO - x value is 18.9, calculation of deviation ...
2023-07-08 14:31:49,632 - calculation - INFO - Result: 1.0 - (84.124916) = -83.124916
2023-07-08 14:31:49,635 - calculation - INFO - x value is 19.7, calculation of deviation ...
2023-07-08 14:31:49,635 - calculation - INFO - Result: 1.0 - (19.575151) = -18.575151
2023-07-08 14:31:49,637 - calculation - INFO - x value is -20.0, calculation of deviation ...
2023-07-08 14:31:49,637 - calculation - INFO - Result: 1.0 - (-19.347134) = 20.347134
2023-07-08 14:31:49,639 - calculation - INFO - x value is -20.0, calculation of deviation ...
2023-07-08 14:31:49,639 - calculation - INFO - Result: 1.0 - (99.261604) = -98.261604
2023-07-08 14:31:49,640 - calculation - INFO - x value is -18.1, calculation of deviation ...
2023-07-08 14:31:49,641 - calculation - INFO - Result: 1.0 - (35.745747) = -34.745747
2023-07-08 14:31:49,642 - calculation - INFO - x value is -17.5, calculation of deviation ...
2023-07-08 14:31:49,642 - calculation - INFO - Result: 1.0 - (16.389914) = -15.389914000000001
2023-07-08 14:31:49,643 - calculation - INFO - x value is -17.4, calculation of deviation ...
2023-07-08 14:31:49,643 - calculation - INFO - Result: 1.0 - (16.13856) = -15.138559999999998
2023-07-08 14:31:49,645 - calculation - INFO - x value is -17.1, calculation of deviation ...
2023-07-08 14:31:49,645 - calculation - INFO - Result: 1.0 - (15.988693) = -14.988693
2023-07-08 14:31:49,647 - calculation - INFO - x value is -16.7, calculation of deviation ...
2023-07-08 14:31:49,647 - calculation - INFO - Result: 1.0 - (16.142563) = -15.142562999999999
2023-07-08 14:31:49,648 - calculation - INFO - x value is -16.6, calculation of deviation ...
2023-07-08 14:31:49,648 - calculation - INFO - Result: 1.0 - (-1.8238432) = 2.8238431999999998
2023-07-08 14:31:49,650 - calculation - INFO - x value is -16.5, calculation of deviation ...
2023-07-08 14:31:49,650 - calculation - INFO - Result: 1.0 - (0.4701114) = 0.5298886
2023-07-08 14:31:49,651 - calculation - INFO - x value is -16.2, calculation of deviation ...
2023-07-08 14:31:49,651 - calculation - INFO - Result: 1.0 - (80.32605) = -79.32605
2023-07-08 14:31:49,653 - calculation - INFO - x value is -16.2, calculation of deviation ...
2023-07-08 14:31:49,653 - calculation - INFO - Result: 1.0 - (-0.62903035) = 1.6290303499999998
2023-07-08 14:31:49,655 - calculation - INFO - x value is -15.8, calculation of deviation ...
2023-07-08 14:31:49,655 - calculation - INFO - Result: 1.0 - (-1.1628026) = 2.1628026
2023-07-08 14:31:49,656 - calculation - INFO - x value is -15.3, calculation of deviation ...
2023-07-08 14:31:49,656 - calculation - INFO - Result: 1.0 - (0.21437874) = 0.78562126
2023-07-08 14:31:49,658 - calculation - INFO - x value is -15.1, calculation of deviation ...
2023-07-08 14:31:49,658 - calculation - INFO - Result: 1.0 - (-0.8285563) = 1.8285563
2023-07-08 14:31:49,659 - calculation - INFO - x value is -15.1, calculation of deviation ...
2023-07-08 14:31:49,659 - calculation - INFO - Result: 1.0 - (14.192294) = -13.192294
2023-07-08 14:31:49,661 - calculation - INFO - x value is -14.2, calculation of deviation ...
2023-07-08 14:31:49,661 - calculation - INFO - Result: 1.0 - (15.1473255) = -14.1473255
2023-07-08 14:31:49,662 - calculation - INFO - x value is -13.8, calculation of deviation ...
2023-07-08 14:31:49,662 - calculation - INFO - Result: 1.0 - (44.641987) = -43.641987
2023-07-08 14:31:49,664 - calculation - INFO - x value is -13.8, calculation of deviation ...
2023-07-08 14:31:49,664 - calculation - INFO - Result: 1.0 - (14.865583) = -13.865583
2023-07-08 14:31:49,665 - calculation - INFO - x value is -12.6, calculation of deviation ...
2023-07-08 14:31:49,666 - calculation - INFO - Result: 1.0 - (-0.080303125) = 1.080303125
2023-07-08 14:31:49,685 - calculation - INFO - x value is -11.7, calculation of deviation ...
2023-07-08 14:31:49,685 - calculation - INFO - Result: 1.0 - (-0.14251386) = 1.14251386
2023-07-08 14:31:49,688 - calculation - INFO - x value is -11.5, calculation of deviation ...
2023-07-08 14:31:49,689 - calculation - INFO - Result: 1.0 - (-0.47237664) = 1.47237664
2023-07-08 14:31:49,690 - calculation - INFO - x value is -11.4, calculation of deviation ...
2023-07-08 14:31:49,690 - calculation - INFO - Result: 1.0 - (10.554388) = -9.554388
2023-07-08 14:31:49,692 - calculation - INFO - x value is -11.1, calculation of deviation ...
2023-07-08 14:31:49,692 - calculation - INFO - Result: 1.0 - (-11.129228) = 12.129228
2023-07-08 14:31:49,693 - calculation - INFO - x value is -10.7, calculation of deviation ...
2023-07-08 14:31:49,693 - calculation - INFO - Result: 1.0 - (0.73965573) = 0.26034427000000004
2023-07-08 14:31:49,695 - calculation - INFO - x value is -10.1, calculation of deviation ...
2023-07-08 14:31:49,695 - calculation - INFO - Result: 1.0 - (55.911495) = -54.911495
2023-07-08 14:31:49,697 - calculation - INFO - x value is -9.1, calculation of deviation ...
2023-07-08 14:31:49,697 - calculation - INFO - Result: 1.0 - (-1.1680479) = 2.1680479
2023-07-08 14:31:49,699 - calculation - INFO - x value is -8.1, calculation of deviation ...
2023-07-08 14:31:49,699 - calculation - INFO - Result: 1.0 - (2.8754423) = -1.8754423
2023-07-08 14:31:49,700 - calculation - INFO - x value is -8.1, calculation of deviation ...
2023-07-08 14:31:49,700 - calculation - INFO - Result: 1.0 - (41.723595) = -40.723595
2023-07-08 14:31:49,702 - calculation - INFO - x value is -7.8, calculation of deviation ...
2023-07-08 14:31:49,702 - calculation - INFO - Result: 1.0 - (9.451261) = -8.451261
2023-07-08 14:31:49,704 - calculation - INFO - x value is -7.3, calculation of deviation ...
2023-07-08 14:31:49,704 - calculation - INFO - Result: 1.0 - (37.313965) = -36.313965
2023-07-08 14:31:49,705 - calculation - INFO - x value is -7.2, calculation of deviation ...
2023-07-08 14:31:49,705 - calculation - INFO - Result: 1.0 - (8.389769) = -7.389768999999999
2023-07-08 14:31:49,707 - calculation - INFO - x value is -7.1, calculation of deviation ...
2023-07-08 14:31:49,707 - calculation - INFO - Result: 1.0 - (-0.1505335) = 1.1505334999999999
2023-07-08 14:31:49,708 - calculation - INFO - x value is -7.0, calculation of deviation ...
2023-07-08 14:31:49,708 - calculation - INFO - Result: 1.0 - (8.068539) = -7.0685389999999995
2023-07-08 14:31:49,710 - calculation - INFO - x value is -6.8, calculation of deviation ...
2023-07-08 14:31:49,710 - calculation - INFO - Result: 1.0 - (34.77236) = -33.77236
2023-07-08 14:31:49,711 - calculation - INFO - x value is -6.8, calculation of deviation ...
2023-07-08 14:31:49,711 - calculation - INFO - Result: 1.0 - (8.903284) = -7.903283999999999
2023-07-08 14:31:49,713 - calculation - INFO - x value is -6.5, calculation of deviation ...
2023-07-08 14:31:49,713 - calculation - INFO - Result: 1.0 - (81.21402) = -80.21402
2023-07-08 14:31:49,714 - calculation - INFO - x value is -5.6, calculation of deviation ...
2023-07-08 14:31:49,714 - calculation - INFO - Result: 1.0 - (0.99593544) = 0.004064559999999995
2023-07-08 14:31:49,716 - calculation - INFO - x value is -5.3, calculation of deviation ...
2023-07-08 14:31:49,716 - calculation - INFO - Result: 1.0 - (58.32741) = -57.32741
2023-07-08 14:31:49,717 - calculation - INFO - x value is -5.2, calculation of deviation ...
2023-07-08 14:31:49,717 - calculation - INFO - Result: 1.0 - (6.369374) = -5.369374
2023-07-08 14:31:49,719 - calculation - INFO - x value is -4.9, calculation of deviation ...
2023-07-08 14:31:49,719 - calculation - INFO - Result: 1.0 - (-5.120785) = 6.120785
2023-07-08 14:31:49,721 - calculation - INFO - x value is -4.7, calculation of deviation ...
2023-07-08 14:31:49,721 - calculation - INFO - Result: 1.0 - (34.25082) = -33.25082
2023-07-08 14:31:49,722 - calculation - INFO - x value is -3.8, calculation of deviation ...
2023-07-08 14:31:49,722 - calculation - INFO - Result: 1.0 - (18.251514) = -17.251514
2023-07-08 14:31:49,724 - calculation - INFO - x value is -3.2, calculation of deviation ...
2023-07-08 14:31:49,724 - calculation - INFO - Result: 1.0 - (-3.7390823) = 4.7390823
2023-07-08 14:31:49,725 - calculation - INFO - x value is -2.9, calculation of deviation ...
2023-07-08 14:31:49,725 - calculation - INFO - Result: 1.0 - (13.796734) = -12.796734
2023-07-08 14:31:49,727 - calculation - INFO - x value is -2.8, calculation of deviation ...
2023-07-08 14:31:49,727 - calculation - INFO - Result: 1.0 - (13.655836) = -12.655836
2023-07-08 14:31:49,728 - calculation - INFO - x value is -2.7, calculation of deviation ...
2023-07-08 14:31:49,728 - calculation - INFO - Result: 1.0 - (-1.6819549) = 2.6819549
2023-07-08 14:31:49,730 - calculation - INFO - x value is -2.6, calculation of deviation ...
2023-07-08 14:31:49,730 - calculation - INFO - Result: 1.0 - (0.07008944) = 0.9299105599999999
2023-07-08 14:31:49,731 - calculation - INFO - x value is -2.3, calculation of deviation ...
2023-07-08 14:31:49,731 - calculation - INFO - Result: 1.0 - (5.864152) = -4.864152
2023-07-08 14:31:49,733 - calculation - INFO - x value is -1.7, calculation of deviation ...
2023-07-08 14:31:49,733 - calculation - INFO - Result: 1.0 - (3.5454068) = -2.5454068
2023-07-08 14:31:49,734 - calculation - INFO - x value is -1.1, calculation of deviation ...
2023-07-08 14:31:49,734 - calculation - INFO - Result: 1.0 - (44.993546) = -43.993546
2023-07-08 14:31:49,736 - calculation - INFO - x value is -1.0, calculation of deviation ...
2023-07-08 14:31:49,736 - calculation - INFO - Result: 1.0 - (4.13364) = -3.1336399999999998
2023-07-08 14:31:49,738 - calculation - INFO - x value is -0.5, calculation of deviation ...
2023-07-08 14:31:49,738 - calculation - INFO - Result: 1.0 - (0.6526604) = 0.34733959999999997
2023-07-08 14:31:49,739 - calculation - INFO - x value is 0.1, calculation of deviation ...
2023-07-08 14:31:49,739 - calculation - INFO - Result: 1.0 - (1.154942) = -0.1549419999999999
2023-07-08 14:31:49,741 - calculation - INFO - x value is 0.1, calculation of deviation ...
2023-07-08 14:31:49,741 - calculation - INFO - Result: 1.0 - (1.9481975) = -0.9481975
2023-07-08 14:31:49,742 - calculation - INFO - x value is 0.2, calculation of deviation ...
2023-07-08 14:31:49,742 - calculation - INFO - Result: 1.0 - (-0.17285825) = 1.17285825
2023-07-08 14:31:49,744 - calculation - INFO - x value is 0.3, calculation of deviation ...
2023-07-08 14:31:49,744 - calculation - INFO - Result: 1.0 - (59.68033) = -58.68033
2023-07-08 14:31:49,746 - calculation - INFO - x value is 0.5, calculation of deviation ...
2023-07-08 14:31:49,746 - calculation - INFO - Result: 1.0 - (2.4143674) = -1.4143674000000002
2023-07-08 14:31:49,747 - calculation - INFO - x value is 0.5, calculation of deviation ...
2023-07-08 14:31:49,747 - calculation - INFO - Result: 1.0 - (1.6080067) = -0.6080067
2023-07-08 14:31:49,749 - calculation - INFO - x value is 1.6, calculation of deviation ...
2023-07-08 14:31:49,749 - calculation - INFO - Result: 1.0 - (9.33222) = -8.33222
2023-07-08 14:31:49,750 - calculation - INFO - x value is 2.4, calculation of deviation ...
2023-07-08 14:31:49,750 - calculation - INFO - Result: 1.0 - (13.258442) = -12.258442
2023-07-08 14:31:49,751 - calculation - INFO - x value is 2.9, calculation of deviation ...
2023-07-08 14:31:49,752 - calculation - INFO - Result: 1.0 - (2.714772) = -1.714772
2023-07-08 14:31:49,753 - calculation - INFO - x value is 3.5, calculation of deviation ...
2023-07-08 14:31:49,753 - calculation - INFO - Result: 1.0 - (-1.72327) = 2.7232700000000003
2023-07-08 14:31:49,755 - calculation - INFO - x value is 4.2, calculation of deviation ...
2023-07-08 14:31:49,755 - calculation - INFO - Result: 1.0 - (3.679699) = -2.679699
2023-07-08 14:31:49,756 - calculation - INFO - x value is 4.5, calculation of deviation ...
2023-07-08 14:31:49,757 - calculation - INFO - Result: 1.0 - (-1.3256714) = 2.3256714
2023-07-08 14:31:49,758 - calculation - INFO - x value is 4.7, calculation of deviation ...
2023-07-08 14:31:49,758 - calculation - INFO - Result: 1.0 - (4.5685735) = -3.5685735000000003
2023-07-08 14:31:49,760 - calculation - INFO - x value is 4.9, calculation of deviation ...
2023-07-08 14:31:49,760 - calculation - INFO - Result: 1.0 - (4.4963365) = -3.4963365
2023-07-08 14:31:49,761 - calculation - INFO - x value is 5.7, calculation of deviation ...
2023-07-08 14:31:49,761 - calculation - INFO - Result: 1.0 - (14.907959) = -13.907959
2023-07-08 14:31:49,763 - calculation - INFO - x value is 5.8, calculation of deviation ...
2023-07-08 14:31:49,763 - calculation - INFO - Result: 1.0 - (28.826637) = -27.826637
2023-07-08 14:31:49,764 - calculation - INFO - x value is 6.2, calculation of deviation ...
2023-07-08 14:31:49,764 - calculation - INFO - Result: 1.0 - (30.448309) = -29.448309
2023-07-08 14:31:49,766 - calculation - INFO - x value is 6.5, calculation of deviation ...
2023-07-08 14:31:49,766 - calculation - INFO - Result: 1.0 - (1.0312804) = -0.031280399999999986
2023-07-08 14:31:49,767 - calculation - INFO - x value is 6.5, calculation of deviation ...
2023-07-08 14:31:49,767 - calculation - INFO - Result: 1.0 - (2.3751493) = -1.3751493
2023-07-08 14:31:49,769 - calculation - INFO - x value is 6.7, calculation of deviation ...
2023-07-08 14:31:49,769 - calculation - INFO - Result: 1.0 - (7.405298) = -6.405298
2023-07-08 14:31:49,771 - calculation - INFO - x value is 6.9, calculation of deviation ...
2023-07-08 14:31:49,771 - calculation - INFO - Result: 1.0 - (7.529588) = -6.529588
2023-07-08 14:31:49,773 - calculation - INFO - x value is 7.2, calculation of deviation ...
2023-07-08 14:31:49,773 - calculation - INFO - Result: 1.0 - (6.6985793) = -5.6985793
2023-07-08 14:31:49,774 - calculation - INFO - x value is 7.8, calculation of deviation ...
2023-07-08 14:31:49,774 - calculation - INFO - Result: 1.0 - (7.945975) = -6.945975
2023-07-08 14:31:49,775 - calculation - INFO - x value is 9.0, calculation of deviation ...
2023-07-08 14:31:49,776 - calculation - INFO - Result: 1.0 - (9.132467) = -8.132467
2023-07-08 14:31:49,777 - calculation - INFO - x value is 9.1, calculation of deviation ...
2023-07-08 14:31:49,777 - calculation - INFO - Result: 1.0 - (10.091935) = -9.091935
2023-07-08 14:31:49,779 - calculation - INFO - x value is 9.2, calculation of deviation ...
2023-07-08 14:31:49,779 - calculation - INFO - Result: 1.0 - (8.35989) = -7.35989
2023-07-08 14:31:49,782 - calculation - INFO - x value is 9.3, calculation of deviation ...
2023-07-08 14:31:49,782 - calculation - INFO - Result: 1.0 - (46.964706) = -45.964706
2023-07-08 14:31:49,784 - calculation - INFO - x value is 9.6, calculation of deviation ...
2023-07-08 14:31:49,784 - calculation - INFO - Result: 1.0 - (8.792373) = -7.7923729999999995
2023-07-08 14:31:49,785 - calculation - INFO - x value is 9.7, calculation of deviation ...
2023-07-08 14:31:49,785 - calculation - INFO - Result: 1.0 - (48.93252) = -47.93252
2023-07-08 14:31:49,787 - calculation - INFO - x value is 11.0, calculation of deviation ...
2023-07-08 14:31:49,787 - calculation - INFO - Result: 1.0 - (30.900364) = -29.900364
2023-07-08 14:31:49,789 - calculation - INFO - x value is 11.1, calculation of deviation ...
2023-07-08 14:31:49,789 - calculation - INFO - Result: 1.0 - (-0.6867566) = 1.6867566
2023-07-08 14:31:49,790 - calculation - INFO - x value is 11.6, calculation of deviation ...
2023-07-08 14:31:49,790 - calculation - INFO - Result: 1.0 - (57.546875) = -56.546875
2023-07-08 14:31:49,792 - calculation - INFO - x value is 12.5, calculation of deviation ...
2023-07-08 14:31:49,792 - calculation - INFO - Result: 1.0 - (12.437278) = -11.437278
2023-07-08 14:31:49,793 - calculation - INFO - x value is 12.9, calculation of deviation ...
2023-07-08 14:31:49,793 - calculation - INFO - Result: 1.0 - (11.8070135) = -10.8070135
2023-07-08 14:31:49,795 - calculation - INFO - x value is 13.1, calculation of deviation ...
2023-07-08 14:31:49,795 - calculation - INFO - Result: 1.0 - (3.3941772) = -2.3941772
2023-07-08 14:31:49,797 - calculation - INFO - x value is 13.4, calculation of deviation ...
2023-07-08 14:31:49,797 - calculation - INFO - Result: 1.0 - (65.792496) = -64.792496
2023-07-08 14:31:49,799 - calculation - INFO - x value is 13.7, calculation of deviation ...
2023-07-08 14:31:49,799 - calculation - INFO - Result: 1.0 - (0.6294186) = 0.37058139999999995
2023-07-08 14:31:49,800 - calculation - INFO - x value is 14.5, calculation of deviation ...
2023-07-08 14:31:49,800 - calculation - INFO - Result: 1.0 - (14.734339) = -13.734339
2023-07-08 14:31:49,802 - calculation - INFO - x value is 15.0, calculation of deviation ...
2023-07-08 14:31:49,802 - calculation - INFO - Result: 1.0 - (99.7092) = -98.7092
2023-07-08 14:31:49,804 - calculation - INFO - x value is 15.1, calculation of deviation ...
2023-07-08 14:31:49,804 - calculation - INFO - Result: 1.0 - (75.25758) = -74.25758
2023-07-08 14:31:49,805 - calculation - INFO - x value is 16.3, calculation of deviation ...
2023-07-08 14:31:49,805 - calculation - INFO - Result: 1.0 - (16.993471) = -15.993471
2023-07-08 14:31:49,807 - calculation - INFO - x value is 16.8, calculation of deviation ...
2023-07-08 14:31:49,807 - calculation - INFO - Result: 1.0 - (17.516111) = -16.516111
2023-07-08 14:31:49,808 - calculation - INFO - x value is 17.1, calculation of deviation ...
2023-07-08 14:31:49,808 - calculation - INFO - Result: 1.0 - (18.14629) = -17.14629
2023-07-08 14:31:49,810 - calculation - INFO - x value is 17.9, calculation of deviation ...
2023-07-08 14:31:49,810 - calculation - INFO - Result: 1.0 - (17.754583) = -16.754583
2023-07-08 14:31:49,812 - calculation - INFO - x value is 18.1, calculation of deviation ...
2023-07-08 14:31:49,812 - calculation - INFO - Result: 1.0 - (89.33668) = -88.33668
2023-07-08 14:31:49,813 - calculation - INFO - x value is 18.9, calculation of deviation ...
2023-07-08 14:31:49,813 - calculation - INFO - Result: 1.0 - (18.88673) = -17.88673
2023-07-08 14:31:49,815 - calculation - INFO - x value is 18.9, calculation of deviation ...
2023-07-08 14:31:49,815 - calculation - INFO - Result: 1.0 - (84.124916) = -83.124916
2023-07-08 14:31:49,816 - calculation - INFO - x value is 19.7, calculation of deviation ...
2023-07-08 14:31:49,816 - calculation - INFO - Result: 1.0 - (19.575151) = -18.575151
2023-07-08 14:31:49,816 - calculation - INFO - result_dict: [{'best_fits_data': 1, 'M': 1, 'maximal_deviation_value': 20.347134, 'maximal_deviation_index': 0}, {'best_fits_data': 2, 'M': 2, 'maximal_deviation_value': 20.347134, 'maximal_deviation_index': 0}, {'best_fits_data': 3, 'M': 3, 'maximal_deviation_value': 20.347134, 'maximal_deviation_index': 0}, {'best_fits_data': 4, 'M': 4, 'maximal_deviation_value': 20.347134, 'maximal_deviation_index': 0}]
2023-07-08 14:31:49,816 - calculation - INFO - Get column values from train_data and corresponding best_fits_data
2023-07-08 14:31:49,826 - calculation - INFO - result_dict: [{'train_data': 'y1', 'best_fits_data': 'y36', 'N': 'y36', 'maximal_deviation_value': 0.4997939999999943, 'maximal_deviation_index': 18}, {'train_data': 'y2', 'best_fits_data': 'y11', 'N': 'y11', 'maximal_deviation_value': 0.49678800000000045, 'maximal_deviation_index': 65}, {'train_data': 'y3', 'best_fits_data': 'y2', 'N': 'y2', 'maximal_deviation_value': 0.49987616, 'maximal_deviation_index': 345}, {'train_data': 'y4', 'best_fits_data': 'y33', 'N': 'y33', 'maximal_deviation_value': 0.4949089999999998, 'maximal_deviation_index': 345}]
