2023-06-20 08:23:41,566 - main - INFO - Create training table
2023-06-20 08:23:41,568 - main - INFO - Create ideal table
2023-06-20 08:23:41,572 - main - INFO - Create test table
2023-06-20 08:23:41,573 - database - INFO - Database created object
2023-06-20 08:23:41,573 - database - INFO - Connection string created
2023-06-20 08:23:41,597 - database - INFO - Engine object created
2023-06-20 08:23:41,603 - database - INFO - Databank connection object created
2023-06-20 08:23:41,603 - database - INFO - Meta data object created
2023-06-20 08:23:41,603 - database - INFO - Create table from dataframe: train.csv
2023-06-20 08:23:41,643 - database - INFO - Create table from dataframe: ideal.csv
2023-06-20 08:23:41,741 - database - INFO - Create table from dataframe: test.csv
2023-06-20 08:23:41,892 - visualization - INFO - Show plot: train.csv
2023-06-20 08:23:44,280 - calculation - INFO - Calculation created object
2023-06-20 08:23:44,280 - calculation - INFO - rows = 400
2023-06-20 08:23:44,280 - calculation - INFO - columns_train_data = 4
2023-06-20 08:23:44,280 - calculation - INFO - columns_ideal_data = 50
2023-06-20 08:23:44,280 - calculation - INFO - ### train-function: y1 ###
2023-06-20 08:23:44,318 - calculation - INFO - sum_array: [1.33451255e+06 1.33079808e+06 9.74518596e+05 1.14099267e+06
 1.77410157e+06 1.33414413e+06 1.34017316e+06 1.33428689e+06
 1.32787154e+06 1.38503173e+06 1.39149492e+06 1.74758952e+06
 1.76591364e+06 1.38343719e+06 1.22911841e+06 6.13161681e+06
 2.21377140e+07 3.65301682e+07 6.83832111e+06 8.61008789e+06
 3.66042367e+09 3.53074286e+09 3.65717030e+09 1.46344389e+10
 3.29229500e+10 4.35330766e+09 4.42932529e+09 3.68608210e+09
 3.65882115e+09 3.73909523e+09 8.53976386e+05 1.19499792e+06
 8.46702504e+05 1.31396998e+06 1.21395208e+06 3.37117885e+01
 1.92095572e+06 1.33825470e+06 6.13126692e+06 3.84362732e+07
 1.55537732e+06 1.53770873e+06 1.23711162e+06 1.33453988e+06
 8.92606832e+05 1.15069688e+06 1.53455333e+06 1.33418229e+06
 1.33578874e+06 1.33115932e+06]
2023-06-20 08:23:44,318 - calculation - INFO - minimum deviation: 33.71178854422821
2023-06-20 08:23:44,318 - calculation - INFO - minimum deviation index: 35
2023-06-20 08:23:44,318 - calculation - INFO - ##### result_dict: {'train_data_y': 1, 'ideal_data_y': 36, 'minimal_deviation_value': 33.71178854422821, 'minimal_deviation_index': 35}
2023-06-20 08:23:44,318 - calculation - INFO - ### train-function: y2 ###
2023-06-20 08:23:44,357 - calculation - INFO - sum_array: [5.40410079e+04 5.37614068e+04 9.44772902e+04 6.41711144e+04
 9.29823627e+04 5.34551628e+04 5.37221083e+04 5.37239511e+04
 5.43784413e+04 7.95182637e+04 3.26289314e+01 2.14449198e+05
 6.33541887e+04 2.13738968e+05 1.24108246e+05 1.28702437e+07
 1.28379266e+07 5.12880023e+07 1.39773782e+07 1.50438098e+07
 3.63187130e+09 3.65783122e+09 3.68316151e+09 1.45786148e+10
 3.28400543e+10 4.37186030e+09 4.50508267e+09 3.65741885e+09
 3.63828799e+09 3.69470466e+09 1.07734633e+05 5.77493249e+04
 1.09738303e+05 5.42071080e+04 6.72800915e+04 1.39114597e+06
 1.06036964e+05 5.42395710e+04 1.28700025e+07 5.13932997e+07
 5.30873469e+04 4.80664337e+05 5.65070108e+04 5.35623181e+04
 1.12432455e+05 6.22947392e+04 6.17949547e+04 5.34963537e+04
 5.37928566e+04 5.37161403e+04]
2023-06-20 08:23:44,358 - calculation - INFO - minimum deviation: 32.62893138832121
2023-06-20 08:23:44,358 - calculation - INFO - minimum deviation index: 10
2023-06-20 08:23:44,358 - calculation - INFO - ##### result_dict: {'train_data_y': 2, 'ideal_data_y': 11, 'minimal_deviation_value': 32.62893138832121, 'minimal_deviation_index': 10}
2023-06-20 08:23:44,358 - calculation - INFO - ### train-function: y3 ###
2023-06-20 08:23:44,396 - calculation - INFO - sum_array: [4.14533467e+02 3.31184719e+01 3.99495603e+04 9.99219825e+03
 4.08547072e+04 4.26251783e+02 4.59196593e+02 4.15301860e+02
 2.49557457e+02 2.51515406e+04 5.34514674e+04 4.81180848e+05
 2.23970186e+05 5.36647442e+04 1.71369107e+04 1.27871139e+07
 1.28144009e+07 5.11750704e+07 1.38933472e+07 1.56003481e+07
 3.65743517e+09 3.65719702e+09 3.65749099e+09 1.46297958e+10
 3.29168521e+10 4.39852559e+09 4.47795165e+09 3.68308946e+09
 3.66382206e+09 3.72032769e+09 5.28691582e+04 4.07436055e+03
 5.48286413e+04 5.42139305e+02 1.33158725e+04 1.33012937e+06
 5.42470533e+04 1.01369215e+03 1.27865740e+07 4.91666273e+07
 2.13103325e+05 2.13643284e+05 3.05383205e+03 2.24619243e+02
 5.80780208e+04 8.63403866e+03 8.80026984e+03 2.38280058e+02
 3.78735179e+02 3.56196426e+01]
2023-06-20 08:23:44,396 - calculation - INFO - minimum deviation: 33.11847188090256
2023-06-20 08:23:44,397 - calculation - INFO - minimum deviation index: 1
2023-06-20 08:23:44,397 - calculation - INFO - ##### result_dict: {'train_data_y': 3, 'ideal_data_y': 2, 'minimal_deviation_value': 33.11847188090256, 'minimal_deviation_index': 1}
2023-06-20 08:23:44,397 - calculation - INFO - ### train-function: y4 ###
2023-06-20 08:23:44,436 - calculation - INFO - sum_array: [5.55481627e+04 5.47715530e+04 1.22306831e+04 2.33043795e+04
 1.78743235e+05 5.54622736e+04 5.66176539e+04 5.54523420e+04
 5.46416010e+04 8.56023609e+04 1.09349167e+05 5.22133793e+05
 3.22107012e+05 1.07936696e+05 4.69595475e+04 1.12364691e+07
 1.44752154e+07 4.80186960e+07 1.22598499e+07 1.39800133e+07
 3.65781839e+09 3.63165344e+09 3.65721794e+09 1.46305072e+10
 3.29178502e+10 4.38921791e+09 4.46796818e+09 3.68347350e+09
 3.66259955e+09 3.72388094e+09 1.69384291e+02 3.00146877e+04
 3.17524311e+01 5.13801333e+04 4.34686050e+04 8.46291196e+05
 2.17116478e+05 5.64937124e+04 1.12359780e+07 4.67715464e+07
 2.69838300e+05 2.66929168e+05 3.79045002e+04 5.53938622e+04
 1.00761829e+04 2.44072121e+04 1.03196748e+05 5.53273873e+04
 5.57189113e+04 5.48117209e+04]
2023-06-20 08:23:44,436 - calculation - INFO - minimum deviation: 31.75243110139478
2023-06-20 08:23:44,436 - calculation - INFO - minimum deviation index: 32
2023-06-20 08:23:44,436 - calculation - INFO - ##### result_dict: {'train_data_y': 4, 'ideal_data_y': 33, 'minimal_deviation_value': 31.75243110139478, 'minimal_deviation_index': 32}
2023-06-20 08:23:44,436 - main - INFO - Create calculation result table
2023-06-20 08:23:44,442 - database - INFO - Create table from dataframe: calc_result
